
> nextjs@0.1.0 dev
> next dev -H 0.0.0.0 -p 3000

   ▲ Next.js 15.2.3
   - Local:        http://localhost:3000
   - Network:      http://0.0.0.0:3000

 ✓ Starting...
Attention: Next.js now collects completely anonymous telemetry regarding usage.
This information is used to shape Next.js' roadmap and prioritize features.
You can learn more, including how to opt-out if you'd not like to participate in this anonymous program, by visiting the following URL:
https://nextjs.org/telemetry

 ✓ Ready in 1972ms
 ○ Compiling / ...
 ✓ Compiled / in 12.8s (744 modules)
 ⚠ Blocked cross-origin request from vscode-internal-714062-beta.beta01.cloud.kavia.ai. To allow this, configure "allowedDevOrigins" in next.config
Read more: https://nextjs.org/docs/app/api-reference/config/next-config-js/allowedDevOrigins
 GET / 200 in 2183ms
 ✓ Compiled in 989ms (331 modules)
 GET / 200 in 591ms
 ✓ Compiled in 396ms (331 modules)
 ✓ Compiled in 297ms (331 modules)
 ✓ Compiled in 304ms (331 modules)
 ✓ Compiled in 226ms (331 modules)
 ✓ Compiled in 302ms (331 modules)
 ✓ Compiled in 371ms (331 modules)
 ✓ Compiled in 315ms (331 modules)
 ✓ Compiled in 207ms (331 modules)
 ✓ Compiled in 286ms (331 modules)
 ✓ Compiled in 214ms (331 modules)
 ✓ Compiled in 274ms (331 modules)
 ✓ Compiled in 208ms (331 modules)
 ✓ Compiled in 412ms (331 modules)
 ✓ Compiled in 260ms (331 modules)
 ✓ Compiled in 140ms (331 modules)
 ✓ Compiled in 192ms (331 modules)
 ✓ Compiled in 192ms (331 modules)
 ✓ Compiled in 181ms (331 modules)
 ✓ Compiled in 194ms (331 modules)
 ✓ Compiled in 132ms (331 modules)
 ✓ Compiled in 191ms (331 modules)
 ✓ Compiled in 184ms (331 modules)
 ✓ Compiled in 188ms (331 modules)
 ✓ Compiled in 186ms (331 modules)
 ✓ Compiled in 139ms (331 modules)
 ✓ Compiled in 259ms (331 modules)
 ✓ Compiled in 197ms (331 modules)
 ✓ Compiled in 141ms (331 modules)
 ✓ Compiled in 176ms (331 modules)
 ✓ Compiled in 204ms (331 modules)
 ✓ Compiled in 207ms (331 modules)
 ✓ Compiled in 178ms (331 modules)
 ✓ Compiled in 215ms (331 modules)
 ✓ Compiled in 191ms (331 modules)
 ✓ Compiled in 183ms (331 modules)
 ✓ Compiled in 131ms (331 modules)
 ✓ Compiled in 169ms (331 modules)
 ✓ Compiled in 188ms (331 modules)
 ✓ Compiled in 139ms (331 modules)
 ✓ Compiled in 139ms (331 modules)
 ✓ Compiled in 163ms (331 modules)
 ✓ Compiled in 134ms (331 modules)
 ✓ Compiled in 189ms (331 modules)
 ✓ Compiled in 116ms (331 modules)
 ✓ Compiled in 200ms (331 modules)
 ✓ Compiled in 149ms (331 modules)
 ✓ Compiled in 169ms (331 modules)
 ✓ Compiled in 277ms (331 modules)
 ✓ Compiled in 199ms (331 modules)
 ✓ Compiled in 132ms (331 modules)
 ✓ Compiled in 198ms (331 modules)
 ✓ Compiled in 169ms (331 modules)
 ✓ Compiled in 123ms (331 modules)
 ✓ Compiled in 179ms (331 modules)
 ✓ Compiled in 126ms (331 modules)
 ✓ Compiled in 109ms (331 modules)
 ✓ Compiled in 181ms (331 modules)
 ✓ Compiled in 116ms (331 modules)
 ✓ Compiled in 171ms (331 modules)
 ✓ Compiled in 124ms (331 modules)
 ✓ Compiled in 188ms (331 modules)
 ✓ Compiled in 108ms (331 modules)
 ✓ Compiled in 163ms (331 modules)
 ✓ Compiled in 136ms (331 modules)
 ✓ Compiled in 117ms (331 modules)
 ✓ Compiled in 203ms (331 modules)
 ✓ Compiled in 506ms (331 modules)
 ✓ Compiled in 201ms (331 modules)
 ✓ Compiled in 131ms (331 modules)
 ✓ Compiled in 112ms (331 modules)
 ✓ Compiled in 168ms (331 modules)
 ✓ Compiled in 124ms (331 modules)
 ✓ Compiled in 165ms (331 modules)
 ✓ Compiled in 120ms (331 modules)
 ✓ Compiled in 182ms (331 modules)
 ✓ Compiled in 130ms (331 modules)
 ✓ Compiled in 164ms (331 modules)
 ✓ Compiled in 129ms (331 modules)
 ✓ Compiled in 165ms (331 modules)
 ✓ Compiled in 125ms (331 modules)
 ✓ Compiled in 108ms (331 modules)
 ✓ Compiled in 121ms (331 modules)
 ✓ Compiled in 120ms (331 modules)
 ✓ Compiled in 175ms (331 modules)
 ✓ Compiled in 132ms (331 modules)
 ✓ Compiled in 160ms (331 modules)
 ✓ Compiled in 124ms (331 modules)
 ✓ Compiled in 104ms (331 modules)
 ✓ Compiled in 165ms (331 modules)
 ✓ Compiled in 135ms (331 modules)
 ✓ Compiled in 260ms (331 modules)
 ✓ Compiled in 122ms (331 modules)
 ✓ Compiled in 113ms (331 modules)
 ✓ Compiled in 170ms (331 modules)
 ✓ Compiled in 112ms (331 modules)
 ✓ Compiled in 110ms (331 modules)
 ✓ Compiled in 202ms (331 modules)
 ✓ Compiled in 163ms (331 modules)
 ✓ Compiled in 127ms (331 modules)
 ✓ Compiled in 167ms (331 modules)
 ✓ Compiled in 117ms (331 modules)
 ✓ Compiled in 113ms (331 modules)
 ✓ Compiled in 180ms (331 modules)
 ✓ Compiled in 117ms (331 modules)
 ✓ Compiled in 188ms (331 modules)
 ✓ Compiled in 110ms (331 modules)
 ✓ Compiled in 163ms (331 modules)
 ✓ Compiled in 123ms (331 modules)
 ✓ Compiled in 109ms (331 modules)
 ✓ Compiled in 156ms (331 modules)
 ✓ Compiled in 127ms (331 modules)
 ✓ Compiled in 113ms (331 modules)
 ✓ Compiled in 168ms (331 modules)
 ✓ Compiled in 130ms (331 modules)
 ✓ Compiled in 167ms (331 modules)
 ✓ Compiled in 120ms (331 modules)
 ✓ Compiled in 170ms (331 modules)
 ✓ Compiled in 123ms (331 modules)
 ✓ Compiled in 110ms (331 modules)
 ✓ Compiled in 169ms (331 modules)
 ✓ Compiled in 129ms (331 modules)
 ✓ Compiled in 170ms (331 modules)
 ✓ Compiled in 127ms (331 modules)
 ✓ Compiled in 167ms (331 modules)
 ✓ Compiled in 122ms (331 modules)
 ✓ Compiled in 112ms (331 modules)
 ✓ Compiled in 169ms (331 modules)
 ✓ Compiled in 121ms (331 modules)
 ✓ Compiled in 183ms (331 modules)
 ✓ Compiled in 172ms (331 modules)
 ✓ Compiled in 140ms (331 modules)
 ✓ Compiled in 163ms (331 modules)
 ✓ Compiled in 121ms (331 modules)
 ✓ Compiled in 118ms (331 modules)
 ✓ Compiled in 159ms (331 modules)
 ✓ Compiled in 132ms (331 modules)
 ✓ Compiled in 156ms (331 modules)
 ✓ Compiled in 124ms (331 modules)
 ✓ Compiled in 121ms (331 modules)
 ✓ Compiled in 163ms (331 modules)
 ✓ Compiled in 123ms (331 modules)
 ✓ Compiled in 115ms (331 modules)
 ✓ Compiled in 156ms (331 modules)
 ✓ Compiled in 140ms (331 modules)
 ✓ Compiled in 149ms (331 modules)
 ✓ Compiled in 114ms (331 modules)
 ✓ Compiled in 119ms (331 modules)
 ✓ Compiled in 107ms (331 modules)
 ✓ Compiled in 156ms (331 modules)
 ✓ Compiled in 135ms (331 modules)
 ✓ Compiled in 195ms (331 modules)
 ✓ Compiled in 164ms (331 modules)
 ✓ Compiled in 136ms (331 modules)
 ✓ Compiled in 160ms (331 modules)
 ✓ Compiled in 129ms (331 modules)
 ✓ Compiled in 174ms (331 modules)
 ✓ Compiled in 139ms (331 modules)
 ✓ Compiled in 165ms (331 modules)
 ✓ Compiled in 127ms (331 modules)
 ✓ Compiled in 160ms (331 modules)
 ✓ Compiled in 126ms (331 modules)
 ✓ Compiled in 197ms (331 modules)
 ✓ Compiled in 166ms (331 modules)
 ✓ Compiled in 119ms (331 modules)
 ✓ Compiled in 116ms (331 modules)
 ✓ Compiled in 186ms (331 modules)
 ✓ Compiled in 112ms (331 modules)
 ✓ Compiled in 159ms (331 modules)
 ✓ Compiled in 125ms (331 modules)
 ✓ Compiled in 113ms (331 modules)
 ✓ Compiled in 188ms (331 modules)
 ✓ Compiled in 111ms (331 modules)
 ✓ Compiled in 164ms (331 modules)
 ✓ Compiled in 122ms (331 modules)
 ✓ Compiled in 108ms (331 modules)
 ✓ Compiled in 164ms (331 modules)
 ✓ Compiled in 120ms (331 modules)
 ✓ Compiled in 111ms (331 modules)
 ✓ Compiled in 157ms (331 modules)
 ✓ Compiled in 127ms (331 modules)
 ✓ Compiled in 110ms (331 modules)
 ✓ Compiled in 153ms (331 modules)
 ✓ Compiled in 136ms (331 modules)
 ✓ Compiled in 129ms (331 modules)
 ✓ Compiled in 111ms (331 modules)
 ✓ Compiled in 171ms (331 modules)
 ✓ Compiled in 121ms (331 modules)
 ✓ Compiled in 104ms (331 modules)
 ✓ Compiled in 176ms (331 modules)
 ✓ Compiled in 118ms (331 modules)
 ✓ Compiled in 106ms (331 modules)
 ✓ Compiled in 165ms (331 modules)
 ✓ Compiled in 128ms (331 modules)
 ✓ Compiled in 155ms (331 modules)
 ✓ Compiled in 128ms (331 modules)
 ✓ Compiled in 116ms (331 modules)
 ✓ Compiled in 172ms (331 modules)
 ✓ Compiled in 179ms (331 modules)
 ✓ Compiled in 127ms (331 modules)
 ✓ Compiled in 114ms (331 modules)
 ✓ Compiled in 172ms (331 modules)
 ✓ Compiled in 121ms (331 modules)
 ✓ Compiled in 161ms (331 modules)
 ✓ Compiled in 127ms (331 modules)
 ✓ Compiled in 170ms (331 modules)
 ✓ Compiled in 147ms (331 modules)
 ✓ Compiled in 156ms (331 modules)
 ✓ Compiled in 134ms (331 modules)
 ✓ Compiled in 157ms (331 modules)
 ✓ Compiled in 133ms (331 modules)
 ✓ Compiled in 105ms (331 modules)
 ✓ Compiled in 662ms (331 modules)
 ✓ Compiled in 190ms (331 modules)
 ✓ Compiled in 130ms (331 modules)
 ✓ Compiled in 178ms (331 modules)
 ✓ Compiled in 129ms (331 modules)
 ✓ Compiled in 104ms (331 modules)
 ✓ Compiled in 172ms (331 modules)
 ✓ Compiled in 122ms (331 modules)
 ✓ Compiled in 176ms (331 modules)
 ✓ Compiled in 123ms (331 modules)
 ✓ Compiled in 175ms (331 modules)
 ✓ Compiled in 120ms (331 modules)
 ✓ Compiled in 170ms (331 modules)
 ✓ Compiled in 131ms (331 modules)
 ✓ Compiled in 176ms (331 modules)
 ✓ Compiled in 192ms (331 modules)
 ✓ Compiled in 124ms (331 modules)
 ✓ Compiled in 169ms (331 modules)
 ✓ Compiled in 127ms (331 modules)
 ✓ Compiled in 167ms (331 modules)
 ✓ Compiled in 118ms (331 modules)
 ✓ Compiled in 177ms (331 modules)
 ✓ Compiled in 124ms (331 modules)
 ✓ Compiled in 108ms (331 modules)
 ✓ Compiled in 181ms (331 modules)
 ✓ Compiled in 121ms (331 modules)
 ✓ Compiled in 161ms (331 modules)
 ✓ Compiled in 122ms (331 modules)
 ✓ Compiled in 109ms (331 modules)
 ✓ Compiled in 160ms (331 modules)
 ✓ Compiled in 128ms (331 modules)
 ✓ Compiled in 107ms (331 modules)
 ✓ Compiled in 159ms (331 modules)
 ✓ Compiled in 123ms (331 modules)
 ✓ Compiled in 113ms (331 modules)
 ✓ Compiled in 165ms (331 modules)
 ✓ Compiled in 186ms (331 modules)
 ✓ Compiled in 128ms (331 modules)
 ✓ Compiled in 111ms (331 modules)
 ✓ Compiled in 174ms (331 modules)
 ✓ Compiled in 117ms (331 modules)
 ✓ Compiled in 103ms (331 modules)
 ✓ Compiled in 169ms (331 modules)
 ✓ Compiled in 123ms (331 modules)
 ✓ Compiled in 178ms (331 modules)
 ✓ Compiled in 128ms (331 modules)
 ✓ Compiled in 156ms (331 modules)
 ✓ Compiled in 122ms (331 modules)
 ✓ Compiled in 177ms (331 modules)
 ✓ Compiled in 120ms (331 modules)
 ✓ Compiled in 117ms (331 modules)
 ✓ Compiled in 171ms (331 modules)
 ✓ Compiled in 130ms (331 modules)
 ✓ Compiled in 158ms (331 modules)
 ✓ Compiled in 134ms (331 modules)
 ✓ Compiled in 163ms (331 modules)
 ✓ Compiled in 128ms (331 modules)
 ✓ Compiled in 161ms (331 modules)
 ✓ Compiled in 127ms (331 modules)
 ✓ Compiled in 111ms (331 modules)
 ✓ Compiled in 168ms (331 modules)
 ✓ Compiled in 128ms (331 modules)
 ✓ Compiled in 175ms (331 modules)
 ✓ Compiled in 209ms (331 modules)
 ✓ Compiled in 110ms (331 modules)
 ✓ Compiled in 159ms (331 modules)
 ✓ Compiled in 198ms (331 modules)
 ✓ Compiled in 129ms (331 modules)
 ✓ Compiled in 108ms (331 modules)
 ✓ Compiled in 184ms (331 modules)
 ✓ Compiled in 124ms (331 modules)
 ✓ Compiled in 162ms (331 modules)
 ✓ Compiled in 119ms (331 modules)
 ✓ Compiled in 159ms (331 modules)
 ✓ Compiled in 126ms (331 modules)
 ✓ Compiled in 116ms (331 modules)
 ✓ Compiled in 166ms (331 modules)
 ✓ Compiled in 123ms (331 modules)
 ✓ Compiled in 170ms (331 modules)
 ✓ Compiled in 135ms (331 modules)
 ✓ Compiled in 102ms (331 modules)
 ✓ Compiled in 203ms (331 modules)
 ✓ Compiled in 147ms (331 modules)
 ✓ Compiled in 132ms (331 modules)
 ✓ Compiled in 179ms (331 modules)
 ✓ Compiled in 207ms (331 modules)
 ✓ Compiled in 121ms (331 modules)
 ✓ Compiled in 202ms (331 modules)
 ✓ Compiled in 168ms (331 modules)
 ✓ Compiled in 130ms (331 modules)
 ✓ Compiled in 178ms (331 modules)
 ✓ Compiled in 120ms (331 modules)
 ✓ Compiled in 161ms (331 modules)
 ✓ Compiled in 133ms (331 modules)
 ✓ Compiled in 180ms (331 modules)
 ✓ Compiled in 166ms (331 modules)
 ✓ Compiled in 197ms (331 modules)
 ✓ Compiled in 137ms (331 modules)
 ✓ Compiled in 180ms (331 modules)
 ✓ Compiled in 130ms (331 modules)
 ✓ Compiled in 178ms (331 modules)
 ✓ Compiled in 112ms (331 modules)
 ✓ Compiled in 186ms (331 modules)
 ✓ Compiled in 181ms (331 modules)
 ✓ Compiled in 136ms (331 modules)
 ✓ Compiled in 185ms (331 modules)
 ✓ Compiled in 158ms (331 modules)
 ✓ Compiled in 136ms (331 modules)
 ✓ Compiled in 191ms (331 modules)
 ✓ Compiled in 171ms (331 modules)
 ✓ Compiled in 124ms (331 modules)
 ✓ Compiled in 181ms (331 modules)
 ✓ Compiled in 132ms (331 modules)
 ✓ Compiled in 133ms (331 modules)
 ✓ Compiled in 185ms (331 modules)
 ✓ Compiled in 130ms (331 modules)
 ✓ Compiled in 171ms (331 modules)
 ✓ Compiled in 124ms (331 modules)
 ✓ Compiled in 140ms (331 modules)
 ✓ Compiled in 186ms (331 modules)
 ✓ Compiled in 177ms (331 modules)
 ✓ Compiled in 133ms (331 modules)
 ✓ Compiled in 175ms (331 modules)
 ✓ Compiled in 127ms (331 modules)
 ✓ Compiled in 162ms (331 modules)
 ✓ Compiled in 133ms (331 modules)
 ✓ Compiled in 168ms (331 modules)
 ✓ Compiled in 136ms (331 modules)
 ✓ Compiled in 162ms (331 modules)
 ✓ Compiled in 217ms (331 modules)
 ✓ Compiled in 165ms (331 modules)
 ✓ Compiled in 120ms (331 modules)
 ✓ Compiled in 180ms (331 modules)
 ✓ Compiled in 130ms (331 modules)
 ✓ Compiled in 112ms (331 modules)
 ✓ Compiled in 187ms (331 modules)
 ✓ Compiled in 123ms (331 modules)
 ✓ Compiled in 132ms (331 modules)
 ✓ Compiled in 180ms (331 modules)
 ✓ Compiled in 133ms (331 modules)
 ✓ Compiled in 166ms (331 modules)
 ✓ Compiled in 827ms (331 modules)
 ✓ Compiled in 138ms (331 modules)
 ✓ Compiled in 207ms (331 modules)
 ✓ Compiled in 177ms (331 modules)
 ✓ Compiled in 122ms (331 modules)
 ✓ Compiled in 166ms (331 modules)
 ✓ Compiled in 134ms (331 modules)
 ✓ Compiled in 166ms (331 modules)
 ✓ Compiled in 131ms (331 modules)
 ✓ Compiled in 186ms (331 modules)
 ✓ Compiled in 122ms (331 modules)
 ✓ Compiled in 171ms (331 modules)
 ✓ Compiled in 176ms (331 modules)
 ✓ Compiled in 186ms (331 modules)
 ✓ Compiled in 136ms (331 modules)
 ✓ Compiled in 176ms (331 modules)
 ✓ Compiled in 135ms (331 modules)
 ✓ Compiled in 180ms (331 modules)
 ✓ Compiled in 117ms (331 modules)
 ✓ Compiled in 162ms (331 modules)
 ✓ Compiled in 133ms (331 modules)
 ✓ Compiled in 170ms (331 modules)
 ✓ Compiled in 127ms (331 modules)
 ✓ Compiled in 165ms (331 modules)
 ✓ Compiled in 129ms (331 modules)
 ✓ Compiled in 173ms (331 modules)
 ✓ Compiled in 125ms (331 modules)
 ✓ Compiled in 195ms (331 modules)
 ✓ Compiled in 169ms (331 modules)
 ✓ Compiled in 181ms (331 modules)
 ✓ Compiled in 124ms (331 modules)
 ✓ Compiled in 119ms (331 modules)
 ✓ Compiled in 162ms (331 modules)
 ✓ Compiled in 128ms (331 modules)
 ✓ Compiled in 166ms (331 modules)
 ✓ Compiled in 123ms (331 modules)
 ✓ Compiled in 119ms (331 modules)
 ✓ Compiled in 158ms (331 modules)
 ✓ Compiled in 186ms (331 modules)
 ✓ Compiled in 141ms (331 modules)
 ✓ Compiled in 169ms (331 modules)
 ✓ Compiled in 138ms (331 modules)
 ✓ Compiled in 154ms (331 modules)
 ✓ Compiled in 123ms (331 modules)
 ✓ Compiled in 118ms (331 modules)
 ✓ Compiled in 143ms (331 modules)
 ✓ Compiled in 180ms (331 modules)
 ✓ Compiled in 132ms (331 modules)
 ✓ Compiled in 149ms (331 modules)
 ✓ Compiled in 167ms (331 modules)
 ✓ Compiled in 130ms (331 modules)
 ✓ Compiled in 157ms (331 modules)
 ✓ Compiled in 138ms (331 modules)
 ✓ Compiled in 162ms (331 modules)
 ✓ Compiled in 134ms (331 modules)
 ✓ Compiled in 166ms (331 modules)
 ✓ Compiled in 129ms (331 modules)
 ✓ Compiled in 170ms (331 modules)
 ✓ Compiled in 131ms (331 modules)
 ✓ Compiled in 178ms (331 modules)
 ✓ Compiled in 181ms (331 modules)
 ✓ Compiled in 131ms (331 modules)
 ✓ Compiled in 176ms (331 modules)
 ✓ Compiled in 128ms (331 modules)
 ✓ Compiled in 188ms (331 modules)
 ✓ Compiled in 184ms (331 modules)
 ✓ Compiled in 180ms (331 modules)
 ✓ Compiled in 124ms (331 modules)
 ✓ Compiled in 173ms (331 modules)
 ✓ Compiled in 125ms (331 modules)
 ✓ Compiled in 175ms (331 modules)
 ✓ Compiled in 130ms (331 modules)
 ✓ Compiled in 152ms (331 modules)
 ✓ Compiled in 133ms (331 modules)
 ✓ Compiled in 163ms (331 modules)
 ✓ Compiled in 132ms (331 modules)
 ✓ Compiled in 116ms (331 modules)
 ✓ Compiled in 183ms (331 modules)
 ✓ Compiled in 114ms (331 modules)
 ✓ Compiled in 129ms (331 modules)
 ✓ Compiled in 122ms (331 modules)
 ✓ Compiled in 173ms (331 modules)
 ✓ Compiled in 120ms (331 modules)
 ✓ Compiled in 162ms (331 modules)
 ✓ Compiled in 139ms (331 modules)
 ✓ Compiled in 183ms (331 modules)
 ✓ Compiled in 195ms (331 modules)
 ✓ Compiled in 162ms (331 modules)
 ✓ Compiled in 117ms (331 modules)
 ✓ Compiled in 133ms (331 modules)
 ✓ Compiled in 168ms (331 modules)
 ✓ Compiled in 127ms (331 modules)
 ✓ Compiled in 167ms (331 modules)
 ✓ Compiled in 131ms (331 modules)
 ✓ Compiled in 162ms (331 modules)
 ✓ Compiled in 129ms (331 modules)
 ✓ Compiled in 172ms (331 modules)
 ✓ Compiled in 128ms (331 modules)
 ✓ Compiled in 187ms (331 modules)
 ✓ Compiled in 169ms (331 modules)
 ✓ Compiled in 135ms (331 modules)
 ✓ Compiled in 183ms (331 modules)
 ✓ Compiled in 175ms (331 modules)
 ✓ Compiled in 139ms (331 modules)
 ✓ Compiled in 185ms (331 modules)
 ✓ Compiled in 119ms (331 modules)
 ✓ Compiled in 133ms (331 modules)
 ✓ Compiled in 180ms (331 modules)
 ✓ Compiled in 137ms (331 modules)
 ✓ Compiled in 168ms (331 modules)
 ✓ Compiled in 181ms (331 modules)
 ✓ Compiled in 137ms (331 modules)
 ✓ Compiled in 167ms (331 modules)
 ✓ Compiled in 133ms (331 modules)
 ✓ Compiled in 185ms (331 modules)
 ✓ Compiled in 114ms (331 modules)
 ✓ Compiled in 188ms (331 modules)
 ✓ Compiled in 182ms (331 modules)
 ✓ Compiled in 117ms (331 modules)
 ✓ Compiled in 177ms (331 modules)
 ✓ Compiled in 128ms (331 modules)
 ✓ Compiled in 163ms (331 modules)
 ✓ Compiled in 131ms (331 modules)
 ✓ Compiled in 173ms (331 modules)
 ✓ Compiled in 125ms (331 modules)
 ✓ Compiled in 197ms (331 modules)
 ✓ Compiled in 183ms (331 modules)
 ✓ Compiled in 119ms (331 modules)
 ✓ Compiled in 174ms (331 modules)
 ✓ Compiled in 179ms (331 modules)
 ✓ Compiled in 124ms (331 modules)
 ✓ Compiled in 176ms (331 modules)
 ✓ Compiled in 135ms (331 modules)
 ✓ Compiled in 169ms (331 modules)
 ✓ Compiled in 130ms (331 modules)
 ✓ Compiled in 168ms (331 modules)
 ✓ Compiled in 132ms (331 modules)
 ✓ Compiled in 185ms (331 modules)
 ✓ Compiled in 120ms (331 modules)
 ✓ Compiled in 163ms (331 modules)
 ✓ Compiled in 127ms (331 modules)
 ✓ Compiled in 177ms (331 modules)
 ✓ Compiled in 122ms (331 modules)
 ✓ Compiled in 176ms (331 modules)
 ✓ Compiled in 122ms (331 modules)
 ✓ Compiled in 122ms (331 modules)
 ✓ Compiled in 133ms (331 modules)
 ✓ Compiled in 174ms (331 modules)
 ✓ Compiled in 113ms (331 modules)
 ✓ Compiled in 189ms (331 modules)
 ✓ Compiled in 195ms (331 modules)
 ✓ Compiled in 122ms (331 modules)
 ✓ Compiled in 174ms (331 modules)
 ✓ Compiled in 119ms (331 modules)
 ✓ Compiled in 161ms (331 modules)
 ✓ Compiled in 131ms (331 modules)
 ✓ Compiled in 249ms (331 modules)
 ✓ Compiled in 126ms (331 modules)
 ✓ Compiled in 125ms (331 modules)
 ✓ Compiled in 191ms (331 modules)
 ✓ Compiled in 164ms (331 modules)
 ✓ Compiled in 136ms (331 modules)
 ✓ Compiled in 168ms (331 modules)
 ✓ Compiled in 132ms (331 modules)
 ✓ Compiled in 180ms (331 modules)
 ✓ Compiled in 202ms (331 modules)
 ✓ Compiled in 187ms (331 modules)
 ✓ Compiled in 121ms (331 modules)
 ✓ Compiled in 185ms (331 modules)
 ✓ Compiled in 114ms (331 modules)
 ✓ Compiled in 188ms (331 modules)
 ✓ Compiled in 477ms (331 modules)
 ✓ Compiled in 339ms (331 modules)
 ✓ Compiled in 136ms (331 modules)
 ✓ Compiled in 162ms (331 modules)
 ✓ Compiled in 135ms (331 modules)
 ✓ Compiled in 162ms (331 modules)
 ✓ Compiled in 133ms (331 modules)
 ✓ Compiled in 166ms (331 modules)
 ✓ Compiled in 150ms (331 modules)
 ✓ Compiled in 157ms (331 modules)
 ✓ Compiled in 135ms (331 modules)
 ✓ Compiled in 183ms (331 modules)
 ✓ Compiled in 115ms (331 modules)
 ✓ Compiled in 173ms (331 modules)
 ✓ Compiled in 117ms (331 modules)
 ✓ Compiled in 164ms (331 modules)
 ✓ Compiled in 142ms (331 modules)
 ✓ Compiled in 136ms (331 modules)
 ✓ Compiled in 174ms (331 modules)
 ✓ Compiled in 142ms (331 modules)
 ✓ Compiled in 181ms (331 modules)
 ✓ Compiled in 111ms (331 modules)
 ✓ Compiled in 190ms (331 modules)
 ✓ Compiled in 204ms (331 modules)
 ✓ Compiled in 165ms (331 modules)
 ✓ Compiled in 137ms (331 modules)
 ✓ Compiled in 200ms (331 modules)
 ✓ Compiled in 198ms (331 modules)
 ✓ Compiled in 167ms (331 modules)
 ✓ Compiled in 131ms (331 modules)
 ✓ Compiled in 192ms (331 modules)
 ✓ Compiled in 194ms (331 modules)
 ✓ Compiled in 175ms (331 modules)
 ✓ Compiled in 134ms (331 modules)
 ✓ Compiled in 166ms (331 modules)
 ✓ Compiled in 121ms (331 modules)
 ✓ Compiled in 164ms (331 modules)
 ✓ Compiled in 133ms (331 modules)
 ✓ Compiled in 155ms (331 modules)
 ✓ Compiled in 132ms (331 modules)
 ✓ Compiled in 165ms (331 modules)
 ✓ Compiled in 134ms (331 modules)
 ✓ Compiled in 161ms (331 modules)
 ✓ Compiled in 154ms (331 modules)
 ✓ Compiled in 178ms (331 modules)
 ✓ Compiled in 169ms (331 modules)
 ✓ Compiled in 136ms (331 modules)
 ✓ Compiled in 174ms (331 modules)
 ✓ Compiled in 122ms (331 modules)
 ✓ Compiled in 178ms (331 modules)
 ✓ Compiled in 121ms (331 modules)
 ✓ Compiled in 180ms (331 modules)
 ✓ Compiled in 180ms (331 modules)
 ✓ Compiled in 126ms (331 modules)
 ✓ Compiled in 169ms (331 modules)
 ✓ Compiled in 144ms (331 modules)
 ✓ Compiled in 176ms (331 modules)
 ✓ Compiled in 121ms (331 modules)
 ✓ Compiled in 132ms (331 modules)
 ✓ Compiled in 113ms (331 modules)
 ✓ Compiled in 165ms (331 modules)
 ✓ Compiled in 131ms (331 modules)
 ✓ Compiled in 154ms (331 modules)
 ✓ Compiled in 126ms (331 modules)
 ✓ Compiled in 126ms (331 modules)
 ✓ Compiled in 165ms (331 modules)
 ✓ Compiled in 131ms (331 modules)
 ✓ Compiled in 158ms (331 modules)
 ✓ Compiled in 143ms (331 modules)
 ✓ Compiled in 126ms (331 modules)
 ✓ Compiled in 123ms (331 modules)
 ✓ Compiled in 168ms (331 modules)
 ✓ Compiled in 118ms (331 modules)
 ✓ Compiled in 181ms (331 modules)
 ✓ Compiled in 135ms (331 modules)
 ✓ Compiled in 180ms (331 modules)
 ✓ Compiled in 211ms (331 modules)
 ✓ Compiled in 161ms (331 modules)
 ✓ Compiled in 132ms (331 modules)
 ✓ Compiled in 191ms (331 modules)
 ✓ Compiled in 109ms (331 modules)
 ✓ Compiled in 120ms (331 modules)
 ✓ Compiled in 126ms (331 modules)
 ✓ Compiled in 131ms (331 modules)
 ✓ Compiled in 115ms (331 modules)
 ✓ Compiled in 159ms (331 modules)
 ✓ Compiled in 126ms (331 modules)
 ✓ Compiled in 109ms (331 modules)
 ✓ Compiled in 175ms (331 modules)
 ✓ Compiled in 176ms (331 modules)
 ✓ Compiled in 122ms (331 modules)
 ✓ Compiled in 129ms (331 modules)
 ✓ Compiled in 176ms (331 modules)
 ✓ Compiled in 188ms (331 modules)
 ✓ Compiled in 177ms (331 modules)
 ✓ Compiled in 127ms (331 modules)
 ✓ Compiled in 115ms (331 modules)
 ✓ Compiled in 169ms (331 modules)
 ✓ Compiled in 135ms (331 modules)
 ✓ Compiled in 158ms (331 modules)
 ✓ Compiled in 146ms (331 modules)
 ✓ Compiled in 134ms (331 modules)
 ✓ Compiled in 112ms (331 modules)
 ✓ Compiled in 179ms (331 modules)
 ✓ Compiled in 117ms (331 modules)
 ✓ Compiled in 173ms (331 modules)
 ✓ Compiled in 126ms (331 modules)
 ✓ Compiled in 170ms (331 modules)
 ✓ Compiled in 126ms (331 modules)
 ✓ Compiled in 173ms (331 modules)
 ✓ Compiled in 122ms (331 modules)
 ✓ Compiled in 171ms (331 modules)
 ✓ Compiled in 191ms (331 modules)
 ✓ Compiled in 137ms (331 modules)
 ✓ Compiled in 160ms (331 modules)
 ✓ Compiled in 138ms (331 modules)
 ✓ Compiled in 185ms (331 modules)
 ✓ Compiled in 162ms (331 modules)
 ✓ Compiled in 141ms (331 modules)
 ✓ Compiled in 171ms (331 modules)
 ✓ Compiled in 123ms (331 modules)
 ✓ Compiled in 171ms (331 modules)
 ✓ Compiled in 136ms (331 modules)
 ✓ Compiled in 155ms (331 modules)
 ✓ Compiled in 136ms (331 modules)
 ✓ Compiled in 162ms (331 modules)
 ✓ Compiled in 136ms (331 modules)
 ✓ Compiled in 171ms (331 modules)
 ✓ Compiled in 124ms (331 modules)
 ✓ Compiled in 169ms (331 modules)
 ✓ Compiled in 125ms (331 modules)
 ✓ Compiled in 167ms (331 modules)
 ✓ Compiled in 132ms (331 modules)
 ✓ Compiled in 152ms (331 modules)
 ✓ Compiled in 126ms (331 modules)
 ✓ Compiled in 114ms (331 modules)
 ✓ Compiled in 167ms (331 modules)
 ✓ Compiled in 118ms (331 modules)
 ✓ Compiled in 109ms (331 modules)
 ✓ Compiled in 168ms (331 modules)
 ✓ Compiled in 186ms (331 modules)
 ✓ Compiled in 131ms (331 modules)
 ✓ Compiled in 176ms (331 modules)
 ✓ Compiled in 144ms (331 modules)
 ✓ Compiled in 155ms (331 modules)
 ✓ Compiled in 127ms (331 modules)
 ✓ Compiled in 176ms (331 modules)
 ✓ Compiled in 120ms (331 modules)
 ✓ Compiled in 163ms (331 modules)
 ✓ Compiled in 126ms (331 modules)
 ✓ Compiled in 177ms (331 modules)
 ✓ Compiled in 129ms (331 modules)
 ✓ Compiled in 174ms (331 modules)
 ✓ Compiled in 120ms (331 modules)
 ✓ Compiled in 163ms (331 modules)
 ✓ Compiled in 129ms (331 modules)
 ✓ Compiled in 172ms (331 modules)
 ✓ Compiled in 130ms (331 modules)
 ✓ Compiled in 186ms (331 modules)
 ✓ Compiled in 108ms (331 modules)
 ✓ Compiled in 170ms (331 modules)
 ✓ Compiled in 133ms (331 modules)
 ✓ Compiled in 157ms (331 modules)
 ✓ Compiled in 141ms (331 modules)
 ✓ Compiled in 154ms (331 modules)
 ✓ Compiled in 137ms (331 modules)
 ✓ Compiled in 171ms (331 modules)
 ✓ Compiled in 126ms (331 modules)
 ✓ Compiled in 157ms (331 modules)
 ✓ Compiled in 144ms (331 modules)
 ✓ Compiled in 168ms (331 modules)
 ✓ Compiled in 121ms (331 modules)
 ✓ Compiled in 173ms (331 modules)
 ✓ Compiled in 133ms (331 modules)
 ✓ Compiled in 168ms (331 modules)
 ✓ Compiled in 124ms (331 modules)
 ✓ Compiled in 168ms (331 modules)
 ✓ Compiled in 128ms (331 modules)
 ✓ Compiled in 166ms (331 modules)
 ✓ Compiled in 144ms (331 modules)
 ✓ Compiled in 164ms (331 modules)
 ✓ Compiled in 127ms (331 modules)
 ✓ Compiled in 176ms (331 modules)
 ✓ Compiled in 122ms (331 modules)
 ✓ Compiled in 190ms (331 modules)
 ✓ Compiled in 180ms (331 modules)
 ✓ Compiled in 123ms (331 modules)
 ✓ Compiled in 164ms (331 modules)
 ✓ Compiled in 128ms (331 modules)
 ✓ Compiled in 168ms (331 modules)
 ✓ Compiled in 138ms (331 modules)
 ✓ Compiled in 174ms (331 modules)
 ✓ Compiled in 116ms (331 modules)
 ✓ Compiled in 161ms (331 modules)
 ✓ Compiled in 127ms (331 modules)
 ✓ Compiled in 182ms (331 modules)
 ✓ Compiled in 184ms (331 modules)
 ✓ Compiled in 191ms (331 modules)
 ✓ Compiled in 120ms (331 modules)
 ✓ Compiled in 174ms (331 modules)
 ✓ Compiled in 152ms (331 modules)
 ✓ Compiled in 162ms (331 modules)
 ✓ Compiled in 182ms (331 modules)
 ✓ Compiled in 131ms (331 modules)
 ✓ Compiled in 111ms (331 modules)
 ✓ Compiled in 140ms (331 modules)
 ✓ Compiled in 760ms (331 modules)
 ✓ Compiled in 319ms (331 modules)
 ✓ Compiled in 189ms (331 modules)
 ✓ Compiled in 111ms (331 modules)
 ✓ Compiled in 163ms (331 modules)
 ✓ Compiled in 121ms (331 modules)
 ✓ Compiled in 114ms (331 modules)
 ✓ Compiled in 161ms (331 modules)
 ✓ Compiled in 135ms (331 modules)
 ✓ Compiled in 162ms (331 modules)
 ✓ Compiled in 133ms (331 modules)
 ✓ Compiled in 170ms (331 modules)
 ✓ Compiled in 119ms (331 modules)
 ✓ Compiled in 181ms (331 modules)
 ✓ Compiled in 180ms (331 modules)
 ✓ Compiled in 125ms (331 modules)
 ✓ Compiled in 180ms (331 modules)
 ✓ Compiled in 132ms (331 modules)
 ✓ Compiled in 164ms (331 modules)
 ✓ Compiled in 135ms (331 modules)
 ✓ Compiled in 168ms (331 modules)
 ✓ Compiled in 124ms (331 modules)
 ✓ Compiled in 178ms (331 modules)
 ✓ Compiled in 126ms (331 modules)
 ✓ Compiled in 152ms (331 modules)
 ✓ Compiled in 127ms (331 modules)
 ✓ Compiled in 114ms (331 modules)
 ✓ Compiled in 164ms (331 modules)
 ✓ Compiled in 143ms (331 modules)
 ✓ Compiled in 156ms (331 modules)
 ✓ Compiled in 123ms (331 modules)
 ✓ Compiled in 168ms (331 modules)
 ✓ Compiled in 131ms (331 modules)
 ✓ Compiled in 157ms (331 modules)
 ✓ Compiled in 144ms (331 modules)
 ✓ Compiled in 156ms (331 modules)
 ✓ Compiled in 144ms (331 modules)
 ✓ Compiled in 158ms (331 modules)
 ✓ Compiled in 132ms (331 modules)
 ✓ Compiled in 168ms (331 modules)
 ✓ Compiled in 137ms (331 modules)
 ✓ Compiled in 165ms (331 modules)
 ✓ Compiled in 125ms (331 modules)
 ✓ Compiled in 163ms (331 modules)
 ✓ Compiled in 127ms (331 modules)
 ✓ Compiled in 182ms (331 modules)
 ✓ Compiled in 122ms (331 modules)
 ✓ Compiled in 173ms (331 modules)
 ✓ Compiled in 124ms (331 modules)
 ✓ Compiled in 161ms (331 modules)
 ✓ Compiled in 131ms (331 modules)
 ✓ Compiled in 107ms (331 modules)
 ✓ Compiled in 182ms (331 modules)
 ✓ Compiled in 123ms (331 modules)
 ✓ Compiled in 156ms (331 modules)
 ✓ Compiled in 129ms (331 modules)
 ✓ Compiled in 166ms (331 modules)
 ✓ Compiled in 124ms (331 modules)
 ✓ Compiled in 179ms (331 modules)
 ✓ Compiled in 126ms (331 modules)
 ✓ Compiled in 166ms (331 modules)
 ✓ Compiled in 189ms (331 modules)
 ✓ Compiled in 134ms (331 modules)
 ✓ Compiled in 155ms (331 modules)
 ✓ Compiled in 134ms (331 modules)
 ✓ Compiled in 162ms (331 modules)
 ✓ Compiled in 140ms (331 modules)
 ✓ Compiled in 173ms (331 modules)
 ✓ Compiled in 129ms (331 modules)
 ✓ Compiled in 173ms (331 modules)
 ✓ Compiled in 127ms (331 modules)
 ✓ Compiled in 164ms (331 modules)
 ✓ Compiled in 125ms (331 modules)
 ✓ Compiled in 161ms (331 modules)
 ✓ Compiled in 130ms (331 modules)
 ✓ Compiled in 111ms (331 modules)
 ✓ Compiled in 181ms (331 modules)
 ✓ Compiled in 119ms (331 modules)
 ✓ Compiled in 126ms (331 modules)
 ✓ Compiled in 172ms (331 modules)
 ✓ Compiled in 131ms (331 modules)
 ✓ Compiled in 108ms (331 modules)
 ✓ Compiled in 166ms (331 modules)
 ✓ Compiled in 122ms (331 modules)
 ✓ Compiled in 111ms (331 modules)
 ✓ Compiled in 134ms (331 modules)
 ✓ Compiled in 122ms (331 modules)
 ✓ Compiled in 156ms (331 modules)
 ✓ Compiled in 132ms (331 modules)
 ✓ Compiled in 156ms (331 modules)
 ✓ Compiled in 114ms (331 modules)
 ✓ Compiled in 126ms (331 modules)
 ✓ Compiled in 178ms (331 modules)
 ✓ Compiled in 114ms (331 modules)
 ✓ Compiled in 161ms (331 modules)
 ✓ Compiled in 151ms (331 modules)
 ✓ Compiled in 164ms (331 modules)
 ✓ Compiled in 118ms (331 modules)
 ✓ Compiled in 170ms (331 modules)
 ✓ Compiled in 121ms (331 modules)
 ✓ Compiled in 169ms (331 modules)
 ✓ Compiled in 137ms (331 modules)
 ✓ Compiled in 163ms (331 modules)
 ✓ Compiled in 129ms (331 modules)
 ✓ Compiled in 159ms (331 modules)
 ✓ Compiled in 128ms (331 modules)
 ✓ Compiled in 171ms (331 modules)
 ✓ Compiled in 128ms (331 modules)
 ✓ Compiled in 165ms (331 modules)
 ✓ Compiled in 134ms (331 modules)
 ✓ Compiled in 113ms (331 modules)
 ✓ Compiled in 160ms (331 modules)
 ✓ Compiled in 136ms (331 modules)
 ✓ Compiled in 176ms (331 modules)
 ✓ Compiled in 117ms (331 modules)
 ✓ Compiled in 160ms (331 modules)
 ✓ Compiled in 140ms (331 modules)
 ✓ Compiled in 163ms (331 modules)
 ✓ Compiled in 127ms (331 modules)
 ✓ Compiled in 168ms (331 modules)
 ✓ Compiled in 121ms (331 modules)
 ✓ Compiled in 189ms (331 modules)
 ✓ Compiled in 118ms (331 modules)
 ✓ Compiled in 162ms (331 modules)
 ✓ Compiled in 135ms (331 modules)
 ✓ Compiled in 171ms (331 modules)
 ✓ Compiled in 127ms (331 modules)
 ✓ Compiled in 161ms (331 modules)
 ✓ Compiled in 189ms (331 modules)
 ✓ Compiled in 141ms (331 modules)
 ✓ Compiled in 176ms (331 modules)
 ✓ Compiled in 178ms (331 modules)
 ✓ Compiled in 138ms (331 modules)
 ✓ Compiled in 177ms (331 modules)
 ✓ Compiled in 130ms (331 modules)
 ✓ Compiled in 167ms (331 modules)
 ✓ Compiled in 126ms (331 modules)
 ✓ Compiled in 180ms (331 modules)
 ✓ Compiled in 119ms (331 modules)
 ✓ Compiled in 187ms (331 modules)
 ✓ Compiled in 159ms (331 modules)
 ✓ Compiled in 134ms (331 modules)
 ✓ Compiled in 180ms (331 modules)
 ✓ Compiled in 181ms (331 modules)
 ✓ Compiled in 125ms (331 modules)
 ✓ Compiled in 176ms (331 modules)
 ✓ Compiled in 146ms (331 modules)
 ✓ Compiled in 168ms (331 modules)
 ✓ Compiled in 176ms (331 modules)
 ✓ Compiled in 136ms (331 modules)
 ✓ Compiled in 172ms (331 modules)
 ✓ Compiled in 126ms (331 modules)
 ✓ Compiled in 159ms (331 modules)
 ✓ Compiled in 132ms (331 modules)
 ✓ Compiled in 177ms (331 modules)
 ✓ Compiled in 127ms (331 modules)
 ✓ Compiled in 105ms (331 modules)
 ✓ Compiled in 188ms (331 modules)
 ✓ Compiled in 124ms (331 modules)
 ✓ Compiled in 167ms (331 modules)
 ✓ Compiled in 123ms (331 modules)
 ✓ Compiled in 172ms (331 modules)
 ✓ Compiled in 125ms (331 modules)
 ✓ Compiled in 165ms (331 modules)
 ✓ Compiled in 130ms (331 modules)
 ✓ Compiled in 154ms (331 modules)
 ✓ Compiled in 139ms (331 modules)
 ✓ Compiled in 152ms (331 modules)
 ✓ Compiled in 126ms (331 modules)
 ✓ Compiled in 175ms (331 modules)
 ✓ Compiled in 130ms (331 modules)
 ✓ Compiled in 104ms (331 modules)
 ✓ Compiled in 144ms (331 modules)
 ✓ Compiled in 103ms (331 modules)
 ✓ Compiled in 162ms (331 modules)
 ✓ Compiled in 132ms (331 modules)
 ✓ Compiled in 172ms (331 modules)
 ✓ Compiled in 128ms (331 modules)
 ✓ Compiled in 173ms (331 modules)
 ✓ Compiled in 173ms (331 modules)
 ✓ Compiled in 128ms (331 modules)
 ✓ Compiled in 176ms (331 modules)
 ✓ Compiled in 136ms (331 modules)
 ✓ Compiled in 174ms (331 modules)
 ✓ Compiled in 130ms (331 modules)
 ✓ Compiled in 177ms (331 modules)
 ✓ Compiled in 122ms (331 modules)
 ✓ Compiled in 185ms (331 modules)
 ✓ Compiled in 160ms (331 modules)
 ✓ Compiled in 133ms (331 modules)
 ✓ Compiled in 185ms (331 modules)
 ✓ Compiled in 172ms (331 modules)
 ✓ Compiled in 133ms (331 modules)
 ✓ Compiled in 173ms (331 modules)
 ✓ Compiled in 134ms (331 modules)
 ✓ Compiled in 165ms (331 modules)
 ✓ Compiled in 130ms (331 modules)
 ✓ Compiled in 169ms (331 modules)
 ✓ Compiled in 124ms (331 modules)
 ✓ Compiled in 161ms (331 modules)
 ✓ Compiled in 133ms (331 modules)
 ✓ Compiled in 167ms (331 modules)
 ✓ Compiled in 127ms (331 modules)
 ✓ Compiled in 112ms (331 modules)
 ✓ Compiled in 117ms (331 modules)
 ✓ Compiled in 182ms (331 modules)
 ✓ Compiled in 129ms (331 modules)
 ✓ Compiled in 113ms (331 modules)
 ✓ Compiled in 195ms (331 modules)
 ✓ Compiled in 159ms (331 modules)
 ✓ Compiled in 137ms (331 modules)
 ✓ Compiled in 166ms (331 modules)
 ✓ Compiled in 130ms (331 modules)
 ✓ Compiled in 161ms (331 modules)
 ✓ Compiled in 135ms (331 modules)
 ✓ Compiled in 162ms (331 modules)
 ✓ Compiled in 208ms (331 modules)
 ✓ Compiled in 140ms (331 modules)
 ✓ Compiled in 173ms (331 modules)
 ✓ Compiled in 123ms (331 modules)
 ✓ Compiled in 174ms (331 modules)
 ✓ Compiled in 125ms (331 modules)
 ✓ Compiled in 155ms (331 modules)
 ✓ Compiled in 131ms (331 modules)
 ✓ Compiled in 166ms (331 modules)
 ✓ Compiled in 134ms (331 modules)
 ✓ Compiled in 177ms (331 modules)
 ✓ Compiled in 174ms (331 modules)
 ✓ Compiled in 125ms (331 modules)
 ✓ Compiled in 169ms (331 modules)
 ✓ Compiled in 134ms (331 modules)
 ✓ Compiled in 165ms (331 modules)
 ✓ Compiled in 136ms (331 modules)
 ✓ Compiled in 179ms (331 modules)
 ✓ Compiled in 125ms (331 modules)
 ✓ Compiled in 184ms (331 modules)
 ✓ Compiled in 115ms (331 modules)
 ✓ Compiled in 160ms (331 modules)
 ✓ Compiled in 127ms (331 modules)
 ✓ Compiled in 172ms (331 modules)
 ✓ Compiled in 121ms (331 modules)
 ✓ Compiled in 162ms (331 modules)
 ✓ Compiled in 133ms (331 modules)
 ✓ Compiled in 178ms (331 modules)
 ✓ Compiled in 699ms (331 modules)
 ✓ Compiled in 226ms (331 modules)
 ✓ Compiled in 196ms (331 modules)
 ✓ Compiled in 171ms (331 modules)
 ✓ Compiled in 124ms (331 modules)
 ✓ Compiled in 165ms (331 modules)
 ✓ Compiled in 131ms (331 modules)
 ✓ Compiled in 161ms (331 modules)
 ✓ Compiled in 148ms (331 modules)
 ✓ Compiled in 161ms (331 modules)
 ✓ Compiled in 130ms (331 modules)
 ✓ Compiled in 166ms (331 modules)
 ✓ Compiled in 123ms (331 modules)
 ✓ Compiled in 161ms (331 modules)
 ✓ Compiled in 130ms (331 modules)
 ✓ Compiled in 169ms (331 modules)
 ✓ Compiled in 134ms (331 modules)
 ✓ Compiled in 162ms (331 modules)
 ✓ Compiled in 130ms (331 modules)
 ✓ Compiled in 161ms (331 modules)
 ✓ Compiled in 137ms (331 modules)
 ✓ Compiled in 161ms (331 modules)
 ✓ Compiled in 124ms (331 modules)
 ✓ Compiled in 113ms (331 modules)
 ✓ Compiled in 167ms (331 modules)
 ✓ Compiled in 124ms (331 modules)
 ✓ Compiled in 172ms (331 modules)
 ✓ Compiled in 134ms (331 modules)
 ✓ Compiled in 168ms (331 modules)
 ✓ Compiled in 133ms (331 modules)
 ✓ Compiled in 171ms (331 modules)
 ✓ Compiled in 120ms (331 modules)
 ✓ Compiled in 163ms (331 modules)
 ✓ Compiled in 122ms (331 modules)
 ✓ Compiled in 118ms (331 modules)
 ✓ Compiled in 156ms (331 modules)
 ✓ Compiled in 129ms (331 modules)
 ✓ Compiled in 159ms (331 modules)
 ✓ Compiled in 139ms (331 modules)
 ✓ Compiled in 180ms (331 modules)
 ✓ Compiled in 121ms (331 modules)
 ✓ Compiled in 168ms (331 modules)
 ✓ Compiled in 128ms (331 modules)
 ✓ Compiled in 155ms (331 modules)
 ✓ Compiled in 129ms (331 modules)
 ✓ Compiled in 123ms (331 modules)
 ✓ Compiled in 172ms (331 modules)
 ✓ Compiled in 175ms (331 modules)
 ✓ Compiled in 131ms (331 modules)
 ✓ Compiled in 173ms (331 modules)
 ✓ Compiled in 128ms (331 modules)
 ✓ Compiled in 157ms (331 modules)
 ✓ Compiled in 125ms (331 modules)
 ✓ Compiled in 116ms (331 modules)
 ✓ Compiled in 134ms (331 modules)
 ✓ Compiled in 110ms (331 modules)
 ✓ Compiled in 189ms (331 modules)
 ✓ Compiled in 110ms (331 modules)
 ✓ Compiled in 165ms (331 modules)
 ✓ Compiled in 138ms (331 modules)
 ✓ Compiled in 157ms (331 modules)
 ✓ Compiled in 118ms (331 modules)
 ✓ Compiled in 116ms (331 modules)
 ✓ Compiled in 171ms (331 modules)
 ✓ Compiled in 121ms (331 modules)
 ✓ Compiled in 162ms (331 modules)
 ✓ Compiled in 132ms (331 modules)
 ✓ Compiled in 162ms (331 modules)
 ✓ Compiled in 137ms (331 modules)
 ✓ Compiled in 172ms (331 modules)
 ✓ Compiled in 113ms (331 modules)
 ✓ Compiled in 111ms (331 modules)
 ✓ Compiled in 177ms (331 modules)
 ✓ Compiled in 125ms (331 modules)
 ✓ Compiled in 166ms (331 modules)
 ✓ Compiled in 123ms (331 modules)
 ✓ Compiled in 106ms (331 modules)
 ✓ Compiled in 170ms (331 modules)
 ✓ Compiled in 125ms (331 modules)
 ✓ Compiled in 159ms (331 modules)
 ✓ Compiled in 148ms (331 modules)
 ✓ Compiled in 151ms (331 modules)
 ✓ Compiled in 124ms (331 modules)
 ✓ Compiled in 170ms (331 modules)
 ✓ Compiled in 125ms (331 modules)
 ✓ Compiled in 181ms (331 modules)
 ✓ Compiled in 127ms (331 modules)
 ✓ Compiled in 169ms (331 modules)
 ✓ Compiled in 115ms (331 modules)
 ✓ Compiled in 175ms (331 modules)
 ✓ Compiled in 134ms (331 modules)
 ✓ Compiled in 159ms (331 modules)
 ✓ Compiled in 143ms (331 modules)
 ✓ Compiled in 158ms (331 modules)
 ✓ Compiled in 121ms (331 modules)
 ✓ Compiled in 112ms (331 modules)
 ✓ Compiled in 178ms (331 modules)
 ✓ Compiled in 176ms (331 modules)
 ✓ Compiled in 140ms (331 modules)
 ✓ Compiled in 106ms (331 modules)
 ✓ Compiled in 121ms (331 modules)
 ✓ Compiled in 178ms (331 modules)
 ✓ Compiled in 128ms (331 modules)
 ✓ Compiled in 111ms (331 modules)
 ✓ Compiled in 160ms (331 modules)
 ✓ Compiled in 124ms (331 modules)
 ✓ Compiled in 109ms (331 modules)
 ✓ Compiled in 166ms (331 modules)
 ✓ Compiled in 123ms (331 modules)
 ✓ Compiled in 166ms (331 modules)
 ✓ Compiled in 132ms (331 modules)
 ✓ Compiled in 112ms (331 modules)
 ✓ Compiled in 164ms (331 modules)
 ✓ Compiled in 140ms (331 modules)
 ✓ Compiled in 165ms (331 modules)
 ✓ Compiled in 123ms (331 modules)
 ✓ Compiled in 184ms (331 modules)
 ✓ Compiled in 118ms (331 modules)
 ✓ Compiled in 166ms (331 modules)
 ✓ Compiled in 126ms (331 modules)
 ✓ Compiled in 168ms (331 modules)
 ✓ Compiled in 125ms (331 modules)
 ✓ Compiled in 163ms (331 modules)
 ✓ Compiled in 121ms (331 modules)
 ✓ Compiled in 115ms (331 modules)
 ✓ Compiled in 162ms (331 modules)
 ✓ Compiled in 122ms (331 modules)
 ✓ Compiled in 110ms (331 modules)
 ✓ Compiled in 181ms (331 modules)
 ✓ Compiled in 115ms (331 modules)
 ✓ Compiled in 110ms (331 modules)
 ✓ Compiled in 131ms (331 modules)
 ✓ Compiled in 159ms (331 modules)
 ✓ Compiled in 130ms (331 modules)
 ✓ Compiled in 167ms (331 modules)
 ✓ Compiled in 127ms (331 modules)
 ✓ Compiled in 115ms (331 modules)
 ✓ Compiled in 133ms (331 modules)
 ✓ Compiled in 111ms (331 modules)
 ✓ Compiled in 159ms (331 modules)
 ✓ Compiled in 121ms (331 modules)
 ✓ Compiled in 116ms (331 modules)
 ✓ Compiled in 160ms (331 modules)
 ✓ Compiled in 125ms (331 modules)
 ✓ Compiled in 116ms (331 modules)
 ✓ Compiled in 158ms (331 modules)
 ✓ Compiled in 129ms (331 modules)
 ✓ Compiled in 170ms (331 modules)
 ✓ Compiled in 127ms (331 modules)
 ✓ Compiled in 164ms (331 modules)
 ✓ Compiled in 129ms (331 modules)
 ✓ Compiled in 171ms (331 modules)
 ✓ Compiled in 130ms (331 modules)
 ✓ Compiled in 112ms (331 modules)
 ✓ Compiled in 127ms (331 modules)
 ✓ Compiled in 119ms (331 modules)
 ✓ Compiled in 172ms (331 modules)
 ✓ Compiled in 124ms (331 modules)
 ✓ Compiled in 170ms (331 modules)
 ✓ Compiled in 135ms (331 modules)
 ✓ Compiled in 162ms (331 modules)
 ✓ Compiled in 124ms (331 modules)
 ✓ Compiled in 164ms (331 modules)
 ✓ Compiled in 131ms (331 modules)
 ✓ Compiled in 167ms (331 modules)
 ✓ Compiled in 611ms (331 modules)
 ✓ Compiled in 187ms (331 modules)
 ✓ Compiled in 138ms (331 modules)
 ✓ Compiled in 198ms (331 modules)
 ✓ Compiled in 122ms (331 modules)
 ✓ Compiled in 126ms (331 modules)
 ✓ Compiled in 156ms (331 modules)
 ✓ Compiled in 138ms (331 modules)
 ✓ Compiled in 172ms (331 modules)
 ✓ Compiled in 127ms (331 modules)
 ✓ Compiled in 171ms (331 modules)
 ✓ Compiled in 184ms (331 modules)
 ✓ Compiled in 123ms (331 modules)
 ✓ Compiled in 170ms (331 modules)
 ✓ Compiled in 134ms (331 modules)
 ✓ Compiled in 178ms (331 modules)
 ✓ Compiled in 126ms (331 modules)
 ✓ Compiled in 191ms (331 modules)
 ✓ Compiled in 109ms (331 modules)
 ✓ Compiled in 163ms (331 modules)
 ✓ Compiled in 139ms (331 modules)
 ✓ Compiled in 160ms (331 modules)
 ✓ Compiled in 126ms (331 modules)
 ✓ Compiled in 158ms (331 modules)
 ✓ Compiled in 136ms (331 modules)
 ✓ Compiled in 161ms (331 modules)
 ✓ Compiled in 128ms (331 modules)
 ✓ Compiled in 166ms (331 modules)
 ✓ Compiled in 123ms (331 modules)
 ✓ Compiled in 176ms (331 modules)
 ✓ Compiled in 130ms (331 modules)
 ✓ Compiled in 111ms (331 modules)
 ✓ Compiled in 171ms (331 modules)
 ✓ Compiled in 120ms (331 modules)
 ✓ Compiled in 174ms (331 modules)
 ✓ Compiled in 184ms (331 modules)
 ✓ Compiled in 153ms (331 modules)
 ✓ Compiled in 155ms (331 modules)
 ✓ Compiled in 208ms (331 modules)
 ✓ Compiled in 125ms (331 modules)
 ✓ Compiled in 183ms (331 modules)
 ✓ Compiled in 171ms (331 modules)
 ✓ Compiled in 132ms (331 modules)
 ✓ Compiled in 165ms (331 modules)
 ✓ Compiled in 127ms (331 modules)
 ✓ Compiled in 164ms (331 modules)
 ✓ Compiled in 136ms (331 modules)
 ✓ Compiled in 172ms (331 modules)
 ✓ Compiled in 134ms (331 modules)
 ✓ Compiled in 167ms (331 modules)
 ✓ Compiled in 181ms (331 modules)
 ✓ Compiled in 130ms (331 modules)
 ✓ Compiled in 116ms (331 modules)
 ✓ Compiled in 165ms (331 modules)
 ✓ Compiled in 131ms (331 modules)
 ✓ Compiled in 195ms (331 modules)
 ✓ Compiled in 159ms (331 modules)
 ✓ Compiled in 131ms (331 modules)
 ✓ Compiled in 106ms (331 modules)
 ✓ Compiled in 144ms (331 modules)
 ✓ Compiled in 158ms (331 modules)
 ✓ Compiled in 138ms (331 modules)
 ✓ Compiled in 165ms (331 modules)
 ✓ Compiled in 127ms (331 modules)
 ✓ Compiled in 106ms (331 modules)
 ✓ Compiled in 182ms (331 modules)
 ✓ Compiled in 175ms (331 modules)
 ✓ Compiled in 129ms (331 modules)
 ✓ Compiled in 108ms (331 modules)
 ✓ Compiled in 175ms (331 modules)
 ✓ Compiled in 127ms (331 modules)
 ✓ Compiled in 156ms (331 modules)
 ✓ Compiled in 127ms (331 modules)
 ✓ Compiled in 109ms (331 modules)
 ✓ Compiled in 178ms (331 modules)
 ✓ Compiled in 113ms (331 modules)
 ✓ Compiled in 172ms (331 modules)
 ✓ Compiled in 130ms (331 modules)
 ✓ Compiled in 156ms (331 modules)
 ✓ Compiled in 127ms (331 modules)
 ✓ Compiled in 176ms (331 modules)
 ✓ Compiled in 139ms (331 modules)
 ✓ Compiled in 170ms (331 modules)
 ✓ Compiled in 122ms (331 modules)
 ✓ Compiled in 173ms (331 modules)
 ✓ Compiled in 200ms (331 modules)
 ✓ Compiled in 175ms (331 modules)
 ✓ Compiled in 140ms (331 modules)
 ✓ Compiled in 168ms (331 modules)
 ✓ Compiled in 140ms (331 modules)
 ✓ Compiled in 175ms (331 modules)
 ✓ Compiled in 121ms (331 modules)
 ✓ Compiled in 181ms (331 modules)
 ✓ Compiled in 164ms (331 modules)
 ✓ Compiled in 133ms (331 modules)
 ✓ Compiled in 188ms (331 modules)
 ✓ Compiled in 176ms (331 modules)
 ✓ Compiled in 124ms (331 modules)
 ✓ Compiled in 168ms (331 modules)
 ✓ Compiled in 148ms (331 modules)
 ✓ Compiled in 157ms (331 modules)
 ✓ Compiled in 190ms (331 modules)
 ✓ Compiled in 133ms (331 modules)
 ✓ Compiled in 113ms (331 modules)
 ✓ Compiled in 180ms (331 modules)
 ✓ Compiled in 114ms (331 modules)
 ✓ Compiled in 156ms (331 modules)
 ✓ Compiled in 129ms (331 modules)
 ✓ Compiled in 110ms (331 modules)
 ✓ Compiled in 166ms (331 modules)
 ✓ Compiled in 125ms (331 modules)
 ✓ Compiled in 107ms (331 modules)
 ✓ Compiled in 163ms (331 modules)
 ✓ Compiled in 128ms (331 modules)
 ✓ Compiled in 103ms (331 modules)
 ✓ Compiled in 124ms (331 modules)
 ✓ Compiled in 126ms (331 modules)
 ✓ Compiled in 165ms (331 modules)
 ✓ Compiled in 124ms (331 modules)
 ✓ Compiled in 156ms (331 modules)
 ✓ Compiled in 127ms (331 modules)
 ✓ Compiled in 112ms (331 modules)
 ✓ Compiled in 163ms (331 modules)
 ✓ Compiled in 120ms (331 modules)
 ✓ Compiled in 113ms (331 modules)
 ✓ Compiled in 160ms (331 modules)
 ✓ Compiled in 123ms (331 modules)
 ✓ Compiled in 112ms (331 modules)
 ✓ Compiled in 163ms (331 modules)
 ✓ Compiled in 127ms (331 modules)
 ✓ Compiled in 108ms (331 modules)
 ✓ Compiled in 173ms (331 modules)
 ✓ Compiled in 120ms (331 modules)
 ✓ Compiled in 161ms (331 modules)
 ✓ Compiled in 135ms (331 modules)
 ✓ Compiled in 157ms (331 modules)
 ✓ Compiled in 115ms (331 modules)
 ✓ Compiled in 123ms (331 modules)
 ✓ Compiled in 111ms (331 modules)
 ✓ Compiled in 121ms (331 modules)
 ✓ Compiled in 122ms (331 modules)
 ✓ Compiled in 170ms (331 modules)
 ✓ Compiled in 118ms (331 modules)
 ✓ Compiled in 112ms (331 modules)
 ✓ Compiled in 120ms (331 modules)
 ✓ Compiled in 123ms (331 modules)
 ✓ Compiled in 157ms (331 modules)
 ✓ Compiled in 131ms (331 modules)
 ✓ Compiled in 164ms (331 modules)
 ✓ Compiled in 129ms (331 modules)
 ✓ Compiled in 117ms (331 modules)
 ✓ Compiled in 96ms (331 modules)
 ✓ Compiled in 166ms (331 modules)
 ✓ Compiled in 129ms (331 modules)
 ✓ Compiled in 166ms (331 modules)
 ✓ Compiled in 135ms (331 modules)
 ✓ Compiled in 156ms (331 modules)
 ✓ Compiled in 125ms (331 modules)
 ✓ Compiled in 169ms (331 modules)
 ✓ Compiled in 129ms (331 modules)
 ✓ Compiled in 109ms (331 modules)
 ✓ Compiled in 179ms (331 modules)
 ✓ Compiled in 174ms (331 modules)
 ✓ Compiled in 126ms (331 modules)
 ✓ Compiled in 118ms (331 modules)
 ✓ Compiled in 576ms (331 modules)
 ✓ Compiled in 131ms (331 modules)
 ✓ Compiled in 190ms (331 modules)
 ✓ Compiled in 123ms (331 modules)
 ✓ Compiled in 176ms (331 modules)
 ✓ Compiled in 118ms (331 modules)
 ✓ Compiled in 157ms (331 modules)
 ✓ Compiled in 140ms (331 modules)
 ✓ Compiled in 177ms (331 modules)
 ✓ Compiled in 130ms (331 modules)
 ✓ Compiled in 159ms (331 modules)
 ✓ Compiled in 129ms (331 modules)
 ✓ Compiled in 166ms (331 modules)
 ✓ Compiled in 128ms (331 modules)
 ✓ Compiled in 165ms (331 modules)
 ✓ Compiled in 124ms (331 modules)
 ✓ Compiled in 168ms (331 modules)
 ✓ Compiled in 131ms (331 modules)
 ✓ Compiled in 117ms (331 modules)
 ✓ Compiled in 176ms (331 modules)
 ✓ Compiled in 114ms (331 modules)
 ✓ Compiled in 165ms (331 modules)
 ✓ Compiled in 130ms (331 modules)
 ✓ Compiled in 166ms (331 modules)
 ✓ Compiled in 120ms (331 modules)
 ✓ Compiled in 174ms (331 modules)
 ✓ Compiled in 128ms (331 modules)
 ✓ Compiled in 160ms (331 modules)
 ✓ Compiled in 143ms (331 modules)
 ✓ Compiled in 157ms (331 modules)
 ✓ Compiled in 129ms (331 modules)
 ✓ Compiled in 108ms (331 modules)
 ✓ Compiled in 172ms (331 modules)
 ✓ Compiled in 120ms (331 modules)
 ✓ Compiled in 160ms (331 modules)
 ✓ Compiled in 130ms (331 modules)
 ✓ Compiled in 115ms (331 modules)
 ✓ Compiled in 185ms (331 modules)
 ✓ Compiled in 166ms (331 modules)
 ✓ Compiled in 129ms (331 modules)
 ✓ Compiled in 167ms (331 modules)
 ✓ Compiled in 125ms (331 modules)
 ✓ Compiled in 182ms (331 modules)
 ✓ Compiled in 127ms (331 modules)
 ✓ Compiled in 104ms (331 modules)
 ✓ Compiled in 170ms (331 modules)
 ✓ Compiled in 125ms (331 modules)
 ✓ Compiled in 175ms (331 modules)
 ✓ Compiled in 119ms (331 modules)
 ✓ Compiled in 167ms (331 modules)
 ✓ Compiled in 133ms (331 modules)
 ✓ Compiled in 165ms (331 modules)
 ✓ Compiled in 137ms (331 modules)
 ✓ Compiled in 179ms (331 modules)
 ✓ Compiled in 111ms (331 modules)
 ✓ Compiled in 164ms (331 modules)
 ✓ Compiled in 129ms (331 modules)
 ✓ Compiled in 171ms (331 modules)
 ✓ Compiled in 130ms (331 modules)
 ✓ Compiled in 169ms (331 modules)
 ✓ Compiled in 130ms (331 modules)
 ✓ Compiled in 162ms (331 modules)
 ✓ Compiled in 121ms (331 modules)
 ✓ Compiled in 116ms (331 modules)
 ✓ Compiled in 160ms (331 modules)
 ✓ Compiled in 123ms (331 modules)
 ✓ Compiled in 111ms (331 modules)
 ✓ Compiled in 170ms (331 modules)
 ✓ Compiled in 119ms (331 modules)
 ✓ Compiled in 103ms (331 modules)
 ✓ Compiled in 182ms (331 modules)
 ✓ Compiled in 119ms (331 modules)
 ✓ Compiled in 174ms (331 modules)
 ✓ Compiled in 126ms (331 modules)
 ✓ Compiled in 176ms (331 modules)
 ✓ Compiled in 118ms (331 modules)
 ✓ Compiled in 161ms (331 modules)
 ✓ Compiled in 127ms (331 modules)
 ✓ Compiled in 168ms (331 modules)
 ✓ Compiled in 128ms (331 modules)
 ✓ Compiled in 114ms (331 modules)
 ✓ Compiled in 167ms (331 modules)
 ✓ Compiled in 125ms (331 modules)
 ✓ Compiled in 166ms (331 modules)
 ✓ Compiled in 126ms (331 modules)
 ✓ Compiled in 163ms (331 modules)
 ✓ Compiled in 121ms (331 modules)
 ✓ Compiled in 119ms (331 modules)
 ✓ Compiled in 180ms (331 modules)
 ✓ Compiled in 113ms (331 modules)
 ✓ Compiled in 162ms (331 modules)
 ✓ Compiled in 127ms (331 modules)
 ✓ Compiled in 160ms (331 modules)
 ✓ Compiled in 126ms (331 modules)
 ✓ Compiled in 122ms (331 modules)
 ✓ Compiled in 170ms (331 modules)
 ✓ Compiled in 117ms (331 modules)
 ✓ Compiled in 165ms (331 modules)
 ✓ Compiled in 136ms (331 modules)
 ✓ Compiled in 165ms (331 modules)
 ✓ Compiled in 134ms (331 modules)
 ✓ Compiled in 155ms (331 modules)
 ✓ Compiled in 126ms (331 modules)
 ✓ Compiled in 174ms (331 modules)
 ✓ Compiled in 138ms (331 modules)
 ✓ Compiled in 159ms (331 modules)
 ✓ Compiled in 127ms (331 modules)
 ✓ Compiled in 109ms (331 modules)
 ✓ Compiled in 165ms (331 modules)
 ✓ Compiled in 127ms (331 modules)
 ✓ Compiled in 181ms (331 modules)
 ✓ Compiled in 115ms (331 modules)
 ✓ Compiled in 165ms (331 modules)
 ✓ Compiled in 126ms (331 modules)
 ✓ Compiled in 107ms (331 modules)
 ✓ Compiled in 167ms (331 modules)
 ✓ Compiled in 125ms (331 modules)
 ✓ Compiled in 160ms (331 modules)
 ✓ Compiled in 132ms (331 modules)
 ✓ Compiled in 166ms (331 modules)
 ✓ Compiled in 136ms (331 modules)
 ✓ Compiled in 174ms (331 modules)
 ✓ Compiled in 127ms (331 modules)
 ✓ Compiled in 156ms (331 modules)
 ✓ Compiled in 138ms (331 modules)
 ✓ Compiled in 158ms (331 modules)
 ✓ Compiled in 124ms (331 modules)
 ✓ Compiled in 119ms (331 modules)
 ✓ Compiled in 154ms (331 modules)
 ✓ Compiled in 129ms (331 modules)
 ✓ Compiled in 111ms (331 modules)
 ✓ Compiled in 170ms (331 modules)
 ✓ Compiled in 131ms (331 modules)
 ✓ Compiled in 156ms (331 modules)
 ✓ Compiled in 126ms (331 modules)
 ✓ Compiled in 109ms (331 modules)
 ✓ Compiled in 175ms (331 modules)
 ✓ Compiled in 127ms (331 modules)
 ✓ Compiled in 149ms (331 modules)
 ✓ Compiled in 138ms (331 modules)
 ✓ Compiled in 106ms (331 modules)
 ✓ Compiled in 164ms (331 modules)
 ✓ Compiled in 137ms (331 modules)
 ✓ Compiled in 164ms (331 modules)
 ✓ Compiled in 120ms (331 modules)
 ✓ Compiled in 106ms (331 modules)
 ✓ Compiled in 171ms (331 modules)
 ✓ Compiled in 122ms (331 modules)
 ✓ Compiled in 160ms (331 modules)
 ✓ Compiled in 129ms (331 modules)
 ✓ Compiled in 108ms (331 modules)
 ✓ Compiled in 167ms (331 modules)
 ✓ Compiled in 123ms (331 modules)
 ✓ Compiled in 103ms (331 modules)
 ✓ Compiled in 173ms (331 modules)
 ✓ Compiled in 118ms (331 modules)
 ✓ Compiled in 109ms (331 modules)
 ✓ Compiled in 173ms (331 modules)
 ✓ Compiled in 118ms (331 modules)
 ✓ Compiled in 171ms (331 modules)
 ✓ Compiled in 131ms (331 modules)
 ✓ Compiled in 104ms (331 modules)
 ✓ Compiled in 119ms (331 modules)
 ✓ Compiled in 132ms (331 modules)
 ✓ Compiled in 182ms (331 modules)
 ✓ Compiled in 541ms (331 modules)
 ✓ Compiled in 172ms (331 modules)
 ✓ Compiled in 184ms (331 modules)
 ✓ Compiled in 142ms (331 modules)
 ✓ Compiled in 183ms (331 modules)
 ✓ Compiled in 121ms (331 modules)
 ✓ Compiled in 157ms (331 modules)
 ✓ Compiled in 131ms (331 modules)
 ✓ Compiled in 159ms (331 modules)
 ✓ Compiled in 128ms (331 modules)
 ✓ Compiled in 116ms (331 modules)
 ✓ Compiled in 174ms (331 modules)
 ✓ Compiled in 177ms (331 modules)
 ✓ Compiled in 128ms (331 modules)
 ✓ Compiled in 113ms (331 modules)
 ✓ Compiled in 268ms (331 modules)
 ✓ Compiled in 146ms (331 modules)
 ✓ Compiled in 131ms (331 modules)
 ✓ Compiled in 182ms (331 modules)
 ✓ Compiled in 127ms (331 modules)
 ✓ Compiled in 162ms (331 modules)
 ✓ Compiled in 134ms (331 modules)
 ✓ Compiled in 171ms (331 modules)
 ✓ Compiled in 120ms (331 modules)
 ✓ Compiled in 170ms (331 modules)
 ✓ Compiled in 136ms (331 modules)
 ✓ Compiled in 164ms (331 modules)
 ✓ Compiled in 135ms (331 modules)
 ✓ Compiled in 175ms (331 modules)
 ✓ Compiled in 116ms (331 modules)
 ✓ Compiled in 166ms (331 modules)
 ✓ Compiled in 127ms (331 modules)
 ✓ Compiled in 167ms (331 modules)
 ✓ Compiled in 129ms (331 modules)
 ✓ Compiled in 107ms (331 modules)
 ✓ Compiled in 123ms (331 modules)
 ✓ Compiled in 178ms (331 modules)
 ✓ Compiled in 127ms (331 modules)
 ✓ Compiled in 113ms (331 modules)
 ✓ Compiled in 179ms (331 modules)
 ✓ Compiled in 122ms (331 modules)
 ✓ Compiled in 118ms (331 modules)
 ✓ Compiled in 123ms (331 modules)
 ✓ Compiled in 103ms (331 modules)
 ✓ Compiled in 163ms (331 modules)
 ✓ Compiled in 138ms (331 modules)
 ✓ Compiled in 166ms (331 modules)
 ✓ Compiled in 134ms (331 modules)
 ✓ Compiled in 172ms (331 modules)
 ✓ Compiled in 122ms (331 modules)
 ✓ Compiled in 161ms (331 modules)
 ✓ Compiled in 133ms (331 modules)
 ✓ Compiled in 160ms (331 modules)
 ✓ Compiled in 123ms (331 modules)
 ✓ Compiled in 166ms (331 modules)
 ✓ Compiled in 129ms (331 modules)
 ✓ Compiled in 167ms (331 modules)
 ✓ Compiled in 129ms (331 modules)
 ✓ Compiled in 114ms (331 modules)
 ✓ Compiled in 159ms (331 modules)
 ✓ Compiled in 127ms (331 modules)
 ✓ Compiled in 109ms (331 modules)
 ✓ Compiled in 170ms (331 modules)
 ✓ Compiled in 131ms (331 modules)
 ✓ Compiled in 167ms (331 modules)
 ✓ Compiled in 119ms (331 modules)
 ✓ Compiled in 167ms (331 modules)
 ✓ Compiled in 124ms (331 modules)
 ✓ Compiled in 167ms (331 modules)
 ✓ Compiled in 144ms (331 modules)
 ✓ Compiled in 154ms (331 modules)
 ✓ Compiled in 120ms (331 modules)
 ✓ Compiled in 125ms (331 modules)
 ✓ Compiled in 152ms (331 modules)
 ✓ Compiled in 125ms (331 modules)
 ✓ Compiled in 118ms (331 modules)
 ✓ Compiled in 168ms (331 modules)
 ✓ Compiled in 124ms (331 modules)
 ✓ Compiled in 160ms (331 modules)
 ✓ Compiled in 127ms (331 modules)
 ✓ Compiled in 104ms (331 modules)
 ✓ Compiled in 182ms (331 modules)
 ✓ Compiled in 120ms (331 modules)
 ✓ Compiled in 165ms (331 modules)
 ✓ Compiled in 129ms (331 modules)
 ✓ Compiled in 184ms (331 modules)
 ✓ Compiled in 121ms (331 modules)
 ✓ Compiled in 172ms (331 modules)
 ✓ Compiled in 123ms (331 modules)
 ✓ Compiled in 164ms (331 modules)
 ✓ Compiled in 138ms (331 modules)
 ✓ Compiled in 176ms (331 modules)
 ✓ Compiled in 112ms (331 modules)
 ✓ Compiled in 188ms (331 modules)
 ✓ Compiled in 120ms (331 modules)
 ✓ Compiled in 162ms (331 modules)
 ✓ Compiled in 123ms (331 modules)
 ✓ Compiled in 175ms (331 modules)
 ✓ Compiled in 118ms (331 modules)
 ✓ Compiled in 162ms (331 modules)
 ✓ Compiled in 131ms (331 modules)
 ✓ Compiled in 109ms (331 modules)
 ✓ Compiled in 174ms (331 modules)
 ✓ Compiled in 131ms (331 modules)
 ✓ Compiled in 115ms (331 modules)
 ✓ Compiled in 125ms (331 modules)
 ✓ Compiled in 104ms (331 modules)
 ✓ Compiled in 162ms (331 modules)
 ✓ Compiled in 133ms (331 modules)
 ✓ Compiled in 165ms (331 modules)
 ✓ Compiled in 129ms (331 modules)
 ✓ Compiled in 182ms (331 modules)
 ✓ Compiled in 118ms (331 modules)
 ✓ Compiled in 164ms (331 modules)
 ✓ Compiled in 128ms (331 modules)
 ✓ Compiled in 162ms (331 modules)
 ✓ Compiled in 123ms (331 modules)
 ✓ Compiled in 116ms (331 modules)
 ✓ Compiled in 184ms (331 modules)
 ✓ Compiled in 114ms (331 modules)
 ✓ Compiled in 167ms (331 modules)
 ✓ Compiled in 125ms (331 modules)
 ✓ Compiled in 169ms (331 modules)
 ✓ Compiled in 126ms (331 modules)
 ✓ Compiled in 170ms (331 modules)
 ✓ Compiled in 122ms (331 modules)
 ✓ Compiled in 172ms (331 modules)
 ✓ Compiled in 136ms (331 modules)
 ✓ Compiled in 152ms (331 modules)
 ✓ Compiled in 130ms (331 modules)
 ✓ Compiled in 109ms (331 modules)
 ✓ Compiled in 160ms (331 modules)
 ✓ Compiled in 129ms (331 modules)
 ✓ Compiled in 163ms (331 modules)
 ✓ Compiled in 124ms (331 modules)
 ✓ Compiled in 116ms (331 modules)
 ✓ Compiled in 158ms (331 modules)
 ✓ Compiled in 123ms (331 modules)
 ✓ Compiled in 119ms (331 modules)
 ✓ Compiled in 159ms (331 modules)
 ✓ Compiled in 133ms (331 modules)
 ✓ Compiled in 166ms (331 modules)
 ✓ Compiled in 135ms (331 modules)
 ✓ Compiled in 163ms (331 modules)
 ✓ Compiled in 130ms (331 modules)
 ✓ Compiled in 160ms (331 modules)
 ✓ Compiled in 143ms (331 modules)
 ✓ Compiled in 163ms (331 modules)
 ✓ Compiled in 132ms (331 modules)
 ✓ Compiled in 170ms (331 modules)
 ✓ Compiled in 132ms (331 modules)
 ✓ Compiled in 162ms (331 modules)
 ✓ Compiled in 123ms (331 modules)
 ✓ Compiled in 167ms (331 modules)
 ✓ Compiled in 128ms (331 modules)
 ✓ Compiled in 172ms (331 modules)
 ✓ Compiled in 133ms (331 modules)
 ✓ Compiled in 179ms (331 modules)
 ✓ Compiled in 118ms (331 modules)
 ✓ Compiled in 661ms (331 modules)
 ✓ Compiled in 202ms (331 modules)
 ✓ Compiled in 214ms (331 modules)
 ✓ Compiled in 174ms (331 modules)
 ✓ Compiled in 129ms (331 modules)
 ✓ Compiled in 158ms (331 modules)
 ✓ Compiled in 131ms (331 modules)
 ✓ Compiled in 108ms (331 modules)
 ✓ Compiled in 178ms (331 modules)
 ✓ Compiled in 123ms (331 modules)
 ✓ Compiled in 163ms (331 modules)
 ✓ Compiled in 125ms (331 modules)
 ✓ Compiled in 113ms (331 modules)
 ✓ Compiled in 117ms (331 modules)
 ✓ Compiled in 126ms (331 modules)
 ✓ Compiled in 180ms (331 modules)
 ✓ Compiled in 187ms (331 modules)
 ✓ Compiled in 127ms (331 modules)
 ✓ Compiled in 157ms (331 modules)
 ✓ Compiled in 122ms (331 modules)
 ✓ Compiled in 118ms (331 modules)
 ✓ Compiled in 180ms (331 modules)
 ✓ Compiled in 114ms (331 modules)
 ✓ Compiled in 157ms (331 modules)
 ✓ Compiled in 128ms (331 modules)
 ✓ Compiled in 114ms (331 modules)
 ✓ Compiled in 164ms (331 modules)
 ✓ Compiled in 137ms (331 modules)
 ✓ Compiled in 160ms (331 modules)
 ✓ Compiled in 130ms (331 modules)
 ✓ Compiled in 160ms (331 modules)
 ✓ Compiled in 145ms (331 modules)
 ✓ Compiled in 157ms (331 modules)
 ✓ Compiled in 127ms (331 modules)
 ✓ Compiled in 180ms (331 modules)
 ✓ Compiled in 122ms (331 modules)
 ✓ Compiled in 179ms (331 modules)
 ✓ Compiled in 129ms (331 modules)
 ✓ Compiled in 169ms (331 modules)
 ✓ Compiled in 118ms (331 modules)
 ✓ Compiled in 176ms (331 modules)
 ✓ Compiled in 124ms (331 modules)
 ✓ Compiled in 180ms (331 modules)
 ✓ Compiled in 116ms (331 modules)
 ✓ Compiled in 166ms (331 modules)
 ✓ Compiled in 126ms (331 modules)
 ✓ Compiled in 177ms (331 modules)
 ✓ Compiled in 177ms (331 modules)
 ✓ Compiled in 146ms (331 modules)
 ✓ Compiled in 156ms (331 modules)
 ✓ Compiled in 142ms (331 modules)
 ✓ Compiled in 167ms (331 modules)
 ✓ Compiled in 120ms (331 modules)
 ✓ Compiled in 168ms (331 modules)
 ✓ Compiled in 132ms (331 modules)
 ✓ Compiled in 99ms (331 modules)
 ✓ Compiled in 195ms (331 modules)
 ✓ Compiled in 190ms (331 modules)
 ✓ Compiled in 118ms (331 modules)
 ✓ Compiled in 174ms (331 modules)
 ✓ Compiled in 176ms (331 modules)
 ✓ Compiled in 133ms (331 modules)
 ✓ Compiled in 173ms (331 modules)
 ✓ Compiled in 132ms (331 modules)
 ✓ Compiled in 160ms (331 modules)
 ✓ Compiled in 129ms (331 modules)
 ✓ Compiled in 165ms (331 modules)
 ✓ Compiled in 144ms (331 modules)
 ✓ Compiled in 197ms (331 modules)
 ✓ Compiled in 123ms (331 modules)
 ✓ Compiled in 119ms (331 modules)
 ✓ Compiled in 165ms (331 modules)
 ✓ Compiled in 127ms (331 modules)
 ✓ Compiled in 162ms (331 modules)
 ✓ Compiled in 128ms (331 modules)
 ✓ Compiled in 114ms (331 modules)
 ✓ Compiled in 165ms (331 modules)
 ✓ Compiled in 133ms (331 modules)
 ✓ Compiled in 154ms (331 modules)
 ✓ Compiled in 122ms (331 modules)
 ✓ Compiled in 114ms (331 modules)
 ✓ Compiled in 108ms (331 modules)
 ✓ Compiled in 113ms (331 modules)
 ✓ Compiled in 126ms (331 modules)
 ✓ Compiled in 103ms (331 modules)
 ✓ Compiled in 144ms (331 modules)
 ✓ Compiled in 165ms (331 modules)
 ✓ Compiled in 123ms (331 modules)
 ✓ Compiled in 166ms (331 modules)
 ✓ Compiled in 133ms (331 modules)
 ✓ Compiled in 105ms (331 modules)
 ✓ Compiled in 170ms (331 modules)
 ✓ Compiled in 129ms (331 modules)
 ✓ Compiled in 162ms (331 modules)
 ✓ Compiled in 127ms (331 modules)
 ✓ Compiled in 164ms (331 modules)
 ✓ Compiled in 128ms (331 modules)
 ✓ Compiled in 173ms (331 modules)
 ✓ Compiled in 125ms (331 modules)
 ✓ Compiled in 166ms (331 modules)
 ✓ Compiled in 129ms (331 modules)
 ✓ Compiled in 162ms (331 modules)
 ✓ Compiled in 129ms (331 modules)
 ✓ Compiled in 119ms (331 modules)
 ✓ Compiled in 174ms (331 modules)
 ✓ Compiled in 120ms (331 modules)
 ✓ Compiled in 168ms (331 modules)
 ✓ Compiled in 128ms (331 modules)
 ✓ Compiled in 168ms (331 modules)
 ✓ Compiled in 135ms (331 modules)
 ✓ Compiled in 177ms (331 modules)
 ✓ Compiled in 116ms (331 modules)
 ✓ Compiled in 138ms (331 modules)
 ✓ Compiled in 173ms (331 modules)
 ✓ Compiled in 131ms (331 modules)
 ✓ Compiled in 174ms (331 modules)
 ✓ Compiled in 135ms (331 modules)
 ✓ Compiled in 166ms (331 modules)
 ✓ Compiled in 118ms (331 modules)
 ✓ Compiled in 160ms (331 modules)
 ✓ Compiled in 135ms (331 modules)
 ✓ Compiled in 158ms (331 modules)
 ✓ Compiled in 140ms (331 modules)
 ✓ Compiled in 159ms (331 modules)
 ✓ Compiled in 133ms (331 modules)
 ✓ Compiled in 163ms (331 modules)
 ✓ Compiled in 143ms (331 modules)
 ✓ Compiled in 163ms (331 modules)
 ✓ Compiled in 131ms (331 modules)
 ✓ Compiled in 166ms (331 modules)
 ✓ Compiled in 132ms (331 modules)
 ✓ Compiled in 176ms (331 modules)
 ✓ Compiled in 135ms (331 modules)
 ✓ Compiled in 159ms (331 modules)
 ✓ Compiled in 132ms (331 modules)
 ✓ Compiled in 180ms (331 modules)
 ✓ Compiled in 116ms (331 modules)
 ✓ Compiled in 184ms (331 modules)
 ✓ Compiled in 116ms (331 modules)
 ✓ Compiled in 128ms (331 modules)
 ✓ Compiled in 171ms (331 modules)
 ✓ Compiled in 134ms (331 modules)
 ✓ Compiled in 119ms (331 modules)
 ✓ Compiled in 169ms (331 modules)
 ✓ Compiled in 130ms (331 modules)
 ✓ Compiled in 168ms (331 modules)
 ✓ Compiled in 119ms (331 modules)
 ✓ Compiled in 185ms (331 modules)
 ✓ Compiled in 114ms (331 modules)
 ✓ Compiled in 184ms (331 modules)
 ✓ Compiled in 165ms (331 modules)
 ✓ Compiled in 130ms (331 modules)
 ✓ Compiled in 167ms (331 modules)
 ✓ Compiled in 139ms (331 modules)
 ✓ Compiled in 182ms (331 modules)
 ✓ Compiled in 181ms (331 modules)
 ✓ Compiled in 131ms (331 modules)
 ✓ Compiled in 167ms (331 modules)
 ✓ Compiled in 147ms (331 modules)
 ✓ Compiled in 176ms (331 modules)
 ✓ Compiled in 163ms (331 modules)
 ✓ Compiled in 601ms (331 modules)
 ✓ Compiled in 250ms (331 modules)
 ✓ Compiled in 156ms (331 modules)
 ✓ Compiled in 166ms (331 modules)
 ✓ Compiled in 124ms (331 modules)
 ✓ Compiled in 174ms (331 modules)
 ✓ Compiled in 181ms (331 modules)
 ✓ Compiled in 144ms (331 modules)
 ✓ Compiled in 197ms (331 modules)
 ✓ Compiled in 172ms (331 modules)
 ✓ Compiled in 173ms (331 modules)
 ✓ Compiled in 138ms (331 modules)
 ✓ Compiled in 189ms (331 modules)
 ✓ Compiled in 122ms (331 modules)
 ✓ Compiled in 166ms (331 modules)
 ✓ Compiled in 132ms (331 modules)
 ✓ Compiled in 180ms (331 modules)
 ✓ Compiled in 186ms (331 modules)
 ✓ Compiled in 131ms (331 modules)
 ✓ Compiled in 172ms (331 modules)
 ✓ Compiled in 134ms (331 modules)
 ✓ Compiled in 135ms (331 modules)
 ✓ Compiled in 117ms (331 modules)
 ✓ Compiled in 188ms (331 modules)
 ✓ Compiled in 170ms (331 modules)
 ✓ Compiled in 136ms (331 modules)
 ✓ Compiled in 172ms (331 modules)
 ✓ Compiled in 190ms (331 modules)
 ✓ Compiled in 117ms (331 modules)
 ✓ Compiled in 168ms (331 modules)
 ✓ Compiled in 125ms (331 modules)
 ✓ Compiled in 116ms (331 modules)
 ✓ Compiled in 185ms (331 modules)
 ✓ Compiled in 114ms (331 modules)
 ✓ Compiled in 130ms (331 modules)
 ✓ Compiled in 118ms (331 modules)
 ✓ Compiled in 181ms (331 modules)
 ✓ Compiled in 111ms (331 modules)
 ✓ Compiled in 182ms (331 modules)
 ✓ Compiled in 126ms (331 modules)
 ✓ Compiled in 182ms (331 modules)
 ✓ Compiled in 203ms (331 modules)
 ✓ Compiled in 173ms (331 modules)
 ✓ Compiled in 123ms (331 modules)
 ✓ Compiled in 168ms (331 modules)
 ✓ Compiled in 212ms (331 modules)
 ✓ Compiled in 121ms (331 modules)
 ✓ Compiled in 170ms (331 modules)
 ✓ Compiled in 200ms (331 modules)
 ✓ Compiled in 197ms (331 modules)
 ✓ Compiled in 224ms (331 modules)
 ✓ Compiled in 211ms (331 modules)
 ✓ Compiled in 215ms (331 modules)
 ✓ Compiled in 191ms (331 modules)
 ✓ Compiled in 141ms (331 modules)
 ✓ Compiled in 146ms (331 modules)
 ✓ Compiled in 188ms (331 modules)
 ✓ Compiled in 119ms (331 modules)
 ✓ Compiled in 133ms (331 modules)
 ✓ Compiled in 202ms (331 modules)
 ✓ Compiled in 120ms (331 modules)
 ✓ Compiled in 171ms (331 modules)
 ✓ Compiled in 177ms (331 modules)
 ✓ Compiled in 138ms (331 modules)
 ✓ Compiled in 169ms (331 modules)
 ✓ Compiled in 132ms (331 modules)
 ✓ Compiled in 188ms (331 modules)
 ✓ Compiled in 169ms (331 modules)
 ✓ Compiled in 133ms (331 modules)
 ✓ Compiled in 176ms (331 modules)
 ✓ Compiled in 127ms (331 modules)
 ✓ Compiled in 180ms (331 modules)
 ✓ Compiled in 162ms (331 modules)
 ✓ Compiled in 140ms (331 modules)
 ✓ Compiled in 166ms (331 modules)
 ✓ Compiled in 145ms (331 modules)
 ✓ Compiled in 185ms (331 modules)
 ✓ Compiled in 117ms (331 modules)
 ✓ Compiled in 140ms (331 modules)
 ✓ Compiled in 184ms (331 modules)
 ✓ Compiled in 171ms (331 modules)
 ✓ Compiled in 138ms (331 modules)
 ✓ Compiled in 179ms (331 modules)
 ✓ Compiled in 142ms (331 modules)
 ✓ Compiled in 247ms (331 modules)
 ✓ Compiled in 141ms (331 modules)
 ✓ Compiled in 192ms (331 modules)
 ✓ Compiled in 196ms (331 modules)
 ✓ Compiled in 155ms (331 modules)
 ✓ Compiled in 142ms (331 modules)
 ✓ Compiled in 185ms (331 modules)
 ✓ Compiled in 174ms (331 modules)
 ✓ Compiled in 147ms (331 modules)
 ✓ Compiled in 168ms (331 modules)
 ✓ Compiled in 179ms (331 modules)
 ✓ Compiled in 153ms (331 modules)
 ✓ Compiled in 148ms (331 modules)
 ✓ Compiled in 156ms (331 modules)
 ✓ Compiled in 155ms (331 modules)
 ✓ Compiled in 137ms (331 modules)
 ✓ Compiled in 166ms (331 modules)
 ✓ Compiled in 126ms (331 modules)
 ✓ Compiled in 169ms (331 modules)
 ✓ Compiled in 140ms (331 modules)
 ✓ Compiled in 163ms (331 modules)
 ✓ Compiled in 134ms (331 modules)
 ✓ Compiled in 471ms (331 modules)
 ✓ Compiled in 302ms (331 modules)
 ✓ Compiled in 290ms (331 modules)
 ✓ Compiled in 393ms (331 modules)
 ✓ Compiled in 290ms (331 modules)
 ✓ Compiled in 405ms (331 modules)
 ✓ Compiled in 224ms (331 modules)
 ✓ Compiled in 218ms (331 modules)
 ✓ Compiled in 299ms (331 modules)
 ✓ Compiled in 384ms (331 modules)
 ✓ Compiled in 292ms (331 modules)
 ✓ Compiled in 224ms (331 modules)
 ✓ Compiled in 274ms (331 modules)
 ✓ Compiled in 309ms (331 modules)
 ✓ Compiled in 388ms (331 modules)
 ✓ Compiled in 295ms (331 modules)
 ✓ Compiled in 213ms (331 modules)
 ✓ Compiled in 296ms (331 modules)
 ✓ Compiled in 304ms (331 modules)
 ✓ Compiled in 207ms (331 modules)
 ✓ Compiled in 280ms (331 modules)
 ✓ Compiled in 234ms (331 modules)
 ✓ Compiled in 260ms (331 modules)
 ✓ Compiled in 235ms (331 modules)
 ✓ Compiled in 259ms (331 modules)
 ✓ Compiled in 290ms (331 modules)
 ✓ Compiled in 148ms (331 modules)
 ✓ Compiled in 209ms (331 modules)
 ✓ Compiled in 207ms (331 modules)
 ✓ Compiled in 217ms (331 modules)
 ✓ Compiled in 366ms (331 modules)
 ✓ Compiled in 223ms (331 modules)
 ✓ Compiled in 212ms (331 modules)
 ✓ Compiled in 223ms (331 modules)
 ✓ Compiled in 286ms (331 modules)
 ✓ Compiled in 290ms (331 modules)
 ✓ Compiled in 212ms (331 modules)
 ✓ Compiled in 210ms (331 modules)
 ✓ Compiled in 280ms (331 modules)
 ✓ Compiled in 211ms (331 modules)
 ✓ Compiled in 477ms (331 modules)
 ✓ Compiled in 306ms (331 modules)
 ✓ Compiled in 226ms (331 modules)
 ✓ Compiled in 282ms (331 modules)
 ✓ Compiled in 486ms (331 modules)
 ✓ Compiled in 303ms (331 modules)
 ✓ Compiled in 818ms (331 modules)
 ✓ Compiled in 287ms (331 modules)
 ✓ Compiled in 313ms (331 modules)
 ✓ Compiled in 294ms (331 modules)
 ✓ Compiled in 294ms (331 modules)
 ✓ Compiled in 282ms (331 modules)
 ✓ Compiled in 301ms (331 modules)
 ✓ Compiled in 293ms (331 modules)
 ✓ Compiled in 295ms (331 modules)
 ✓ Compiled in 219ms (331 modules)
 ✓ Compiled in 291ms (331 modules)
 ✓ Compiled in 288ms (331 modules)
 ✓ Compiled in 211ms (331 modules)
 ✓ Compiled in 287ms (331 modules)
 ✓ Compiled in 222ms (331 modules)
 ✓ Compiled in 274ms (331 modules)
 ✓ Compiled in 214ms (331 modules)
 ✓ Compiled in 282ms (331 modules)
 ✓ Compiled in 213ms (331 modules)
 ✓ Compiled in 290ms (331 modules)
 ✓ Compiled in 208ms (331 modules)
 ✓ Compiled in 284ms (331 modules)
 ✓ Compiled in 597ms (331 modules)
 ✓ Compiled in 427ms (331 modules)
 ✓ Compiled in 263ms (331 modules)
 ✓ Compiled in 134ms (331 modules)
 ✓ Compiled in 183ms (331 modules)
 ✓ Compiled in 138ms (331 modules)
 ✓ Compiled in 168ms (331 modules)
 ✓ Compiled in 167ms (331 modules)
 ✓ Compiled in 192ms (331 modules)
 ✓ Compiled in 152ms (331 modules)
 ✓ Compiled in 182ms (331 modules)
 ✓ Compiled in 166ms (331 modules)
 ✓ Compiled in 140ms (331 modules)
 ✓ Compiled in 174ms (331 modules)
 ✓ Compiled in 171ms (331 modules)
 ✓ Compiled in 144ms (331 modules)
 ✓ Compiled in 177ms (331 modules)
 ✓ Compiled in 194ms (331 modules)
 ✓ Compiled in 139ms (331 modules)
 ✓ Compiled in 171ms (331 modules)
 ✓ Compiled in 171ms (331 modules)
 ✓ Compiled in 139ms (331 modules)
 ✓ Compiled in 166ms (331 modules)
 ✓ Compiled in 137ms (331 modules)
 ✓ Compiled in 206ms (331 modules)
 ✓ Compiled in 170ms (331 modules)
 ✓ Compiled in 118ms (331 modules)
 ✓ Compiled in 201ms (331 modules)
 ✓ Compiled in 138ms (331 modules)
 ✓ Compiled in 189ms (331 modules)
 ✓ Compiled in 169ms (331 modules)
 ✓ Compiled in 156ms (331 modules)
 ✓ Compiled in 173ms (331 modules)
 ✓ Compiled in 180ms (331 modules)
 ✓ Compiled in 134ms (331 modules)
 ✓ Compiled in 138ms (331 modules)
 ✓ Compiled in 202ms (331 modules)
 ✓ Compiled in 191ms (331 modules)
 ✓ Compiled in 180ms (331 modules)
 ✓ Compiled in 179ms (331 modules)
 ✓ Compiled in 149ms (331 modules)
 ✓ Compiled in 249ms (331 modules)
 ✓ Compiled in 136ms (331 modules)
 ✓ Compiled in 171ms (331 modules)
 ✓ Compiled in 143ms (331 modules)
 ✓ Compiled in 172ms (331 modules)
 ✓ Compiled in 122ms (331 modules)
 ✓ Compiled in 189ms (331 modules)
 ✓ Compiled in 192ms (331 modules)
 ✓ Compiled in 165ms (331 modules)
 ✓ Compiled in 132ms (331 modules)
 ✓ Compiled in 170ms (331 modules)
 ✓ Compiled in 146ms (331 modules)
 ✓ Compiled in 176ms (331 modules)
 ✓ Compiled in 118ms (331 modules)
 ✓ Compiled in 183ms (331 modules)
 ✓ Compiled in 168ms (331 modules)
 ✓ Compiled in 142ms (331 modules)
 ✓ Compiled in 178ms (331 modules)
 ✓ Compiled in 168ms (331 modules)
 ✓ Compiled in 143ms (331 modules)
 ✓ Compiled in 177ms (331 modules)
 ✓ Compiled in 119ms (331 modules)
 ✓ Compiled in 185ms (331 modules)
 ✓ Compiled in 174ms (331 modules)
 ✓ Compiled in 149ms (331 modules)
 ✓ Compiled in 154ms (331 modules)
 ✓ Compiled in 140ms (331 modules)
 ✓ Compiled in 186ms (331 modules)
 ✓ Compiled in 162ms (331 modules)
 ✓ Compiled in 134ms (331 modules)
 ✓ Compiled in 201ms (331 modules)
 ✓ Compiled in 179ms (331 modules)
 ✓ Compiled in 169ms (331 modules)
 ✓ Compiled in 125ms (331 modules)
 ✓ Compiled in 145ms (331 modules)
 ✓ Compiled in 183ms (331 modules)
 ✓ Compiled in 223ms (331 modules)
 ✓ Compiled in 182ms (331 modules)
 ✓ Compiled in 168ms (331 modules)
 ✓ Compiled in 216ms (331 modules)
 ✓ Compiled in 178ms (331 modules)
 ✓ Compiled in 148ms (331 modules)
 ✓ Compiled in 181ms (331 modules)
 ✓ Compiled in 171ms (331 modules)
 ✓ Compiled in 139ms (331 modules)
 ✓ Compiled in 165ms (331 modules)
 ✓ Compiled in 133ms (331 modules)
 ✓ Compiled in 193ms (331 modules)
 ✓ Compiled in 175ms (331 modules)
 ✓ Compiled in 173ms (331 modules)
 ✓ Compiled in 141ms (331 modules)
 ✓ Compiled in 205ms (331 modules)
 ✓ Compiled in 193ms (331 modules)
 ✓ Compiled in 167ms (331 modules)
 ✓ Compiled in 191ms (331 modules)
 ✓ Compiled in 152ms (331 modules)
 ✓ Compiled in 132ms (331 modules)
 ✓ Compiled in 116ms (331 modules)
 ✓ Compiled in 202ms (331 modules)
 ✓ Compiled in 189ms (331 modules)
 ✓ Compiled in 159ms (331 modules)
 ✓ Compiled in 137ms (331 modules)
 ✓ Compiled in 169ms (331 modules)
 ✓ Compiled in 142ms (331 modules)
 ✓ Compiled in 141ms (331 modules)
 ✓ Compiled in 108ms (331 modules)
 ✓ Compiled in 147ms (331 modules)
 ✓ Compiled in 163ms (331 modules)
 ✓ Compiled in 146ms (331 modules)
 ✓ Compiled in 160ms (331 modules)
 ✓ Compiled in 128ms (331 modules)
 ✓ Compiled in 178ms (331 modules)
 ✓ Compiled in 173ms (331 modules)
 ✓ Compiled in 142ms (331 modules)
 ✓ Compiled in 184ms (331 modules)
 ✓ Compiled in 186ms (331 modules)
 ✓ Compiled in 177ms (331 modules)
 ✓ Compiled in 141ms (331 modules)
 ✓ Compiled in 190ms (331 modules)
 ✓ Compiled in 177ms (331 modules)
 ✓ Compiled in 138ms (331 modules)
 ✓ Compiled in 142ms (331 modules)
 ✓ Compiled in 184ms (331 modules)
 ✓ Compiled in 177ms (331 modules)
 ✓ Compiled in 590ms (331 modules)
 ✓ Compiled in 244ms (331 modules)
 ✓ Compiled in 175ms (331 modules)
 ✓ Compiled in 181ms (331 modules)
 ✓ Compiled in 142ms (331 modules)
 ✓ Compiled in 172ms (331 modules)
 ✓ Compiled in 193ms (331 modules)
 ✓ Compiled in 128ms (331 modules)
 ✓ Compiled in 210ms (331 modules)
 ✓ Compiled in 161ms (331 modules)
 ✓ Compiled in 128ms (331 modules)
 ✓ Compiled in 183ms (331 modules)
 ✓ Compiled in 172ms (331 modules)
 ✓ Compiled in 132ms (331 modules)
 ✓ Compiled in 169ms (331 modules)
 ✓ Compiled in 208ms (331 modules)
 ✓ Compiled in 125ms (331 modules)
 ✓ Compiled in 172ms (331 modules)
 ✓ Compiled in 184ms (331 modules)
 ✓ Compiled in 137ms (331 modules)
 ✓ Compiled in 179ms (331 modules)
 ✓ Compiled in 177ms (331 modules)
 ✓ Compiled in 136ms (331 modules)
 ✓ Compiled in 172ms (331 modules)
 ✓ Compiled in 126ms (331 modules)
 ✓ Compiled in 127ms (331 modules)
 ✓ Compiled in 121ms (331 modules)
 ✓ Compiled in 188ms (331 modules)
 ✓ Compiled in 159ms (331 modules)
 ✓ Compiled in 134ms (331 modules)
 ✓ Compiled in 170ms (331 modules)
 ✓ Compiled in 140ms (331 modules)
 ✓ Compiled in 168ms (331 modules)
 ✓ Compiled in 132ms (331 modules)
 ✓ Compiled in 163ms (331 modules)
 ✓ Compiled in 130ms (331 modules)
 ✓ Compiled in 178ms (331 modules)
 ✓ Compiled in 129ms (331 modules)
 ✓ Compiled in 174ms (331 modules)
 ✓ Compiled in 177ms (331 modules)
 ✓ Compiled in 141ms (331 modules)
 ✓ Compiled in 177ms (331 modules)
 ✓ Compiled in 171ms (331 modules)
 ✓ Compiled in 137ms (331 modules)
 ✓ Compiled in 159ms (331 modules)
 ✓ Compiled in 133ms (331 modules)
 ✓ Compiled in 169ms (331 modules)
 ✓ Compiled in 182ms (331 modules)
 ✓ Compiled in 143ms (331 modules)
 ✓ Compiled in 154ms (331 modules)
 ✓ Compiled in 144ms (331 modules)
 ✓ Compiled in 171ms (331 modules)
 ✓ Compiled in 136ms (331 modules)
 ✓ Compiled in 176ms (331 modules)
 ✓ Compiled in 200ms (331 modules)
 ✓ Compiled in 170ms (331 modules)
 ✓ Compiled in 136ms (331 modules)
 ✓ Compiled in 179ms (331 modules)
 ✓ Compiled in 128ms (331 modules)
 ✓ Compiled in 185ms (331 modules)
 ✓ Compiled in 162ms (331 modules)
 ✓ Compiled in 139ms (331 modules)
 ✓ Compiled in 170ms (331 modules)
 ✓ Compiled in 197ms (331 modules)
 ✓ Compiled in 138ms (331 modules)
 ✓ Compiled in 135ms (331 modules)
 ✓ Compiled in 174ms (331 modules)
 ✓ Compiled in 188ms (331 modules)
 ✓ Compiled in 130ms (331 modules)
 ✓ Compiled in 117ms (331 modules)
 ✓ Compiled in 176ms (331 modules)
 ✓ Compiled in 126ms (331 modules)
 ✓ Compiled in 144ms (331 modules)
 ✓ Compiled in 166ms (331 modules)
 ✓ Compiled in 141ms (331 modules)
 ✓ Compiled in 176ms (331 modules)
 ✓ Compiled in 168ms (331 modules)
 ✓ Compiled in 144ms (331 modules)
 ✓ Compiled in 168ms (331 modules)
 ✓ Compiled in 135ms (331 modules)
 ✓ Compiled in 172ms (331 modules)
 ✓ Compiled in 124ms (331 modules)
 ✓ Compiled in 170ms (331 modules)
 ✓ Compiled in 122ms (331 modules)
 ✓ Compiled in 174ms (331 modules)
 ✓ Compiled in 123ms (331 modules)
 ✓ Compiled in 174ms (331 modules)
 ✓ Compiled in 121ms (331 modules)
 ✓ Compiled in 184ms (331 modules)
 ✓ Compiled in 168ms (331 modules)
 ✓ Compiled in 150ms (331 modules)
 ✓ Compiled in 202ms (331 modules)
 ✓ Compiled in 185ms (331 modules)
 ✓ Compiled in 209ms (331 modules)
 ✓ Compiled in 203ms (331 modules)
 ✓ Compiled in 216ms (331 modules)
 ✓ Compiled in 131ms (331 modules)
 ✓ Compiled in 169ms (331 modules)
 ✓ Compiled in 200ms (331 modules)
 ✓ Compiled in 180ms (331 modules)
 ✓ Compiled in 140ms (331 modules)
 ✓ Compiled in 164ms (331 modules)
 ✓ Compiled in 217ms (331 modules)
 ✓ Compiled in 173ms (331 modules)
 ✓ Compiled in 143ms (331 modules)
 ✓ Compiled in 162ms (331 modules)
 ✓ Compiled in 184ms (331 modules)
 ✓ Compiled in 139ms (331 modules)
 ✓ Compiled in 159ms (331 modules)
 ✓ Compiled in 136ms (331 modules)
 ✓ Compiled in 258ms (331 modules)
 ✓ Compiled in 144ms (331 modules)
 ✓ Compiled in 197ms (331 modules)
 ✓ Compiled in 166ms (331 modules)
 ✓ Compiled in 135ms (331 modules)
 ✓ Compiled in 188ms (331 modules)
 ✓ Compiled in 161ms (331 modules)
 ✓ Compiled in 146ms (331 modules)
 ✓ Compiled in 142ms (331 modules)
 ✓ Compiled in 164ms (331 modules)
 ✓ Compiled in 135ms (331 modules)
 ✓ Compiled in 166ms (331 modules)
 ✓ Compiled in 140ms (331 modules)
 ✓ Compiled in 159ms (331 modules)
 ✓ Compiled in 137ms (331 modules)
 ✓ Compiled in 158ms (331 modules)
 ✓ Compiled in 132ms (331 modules)
 ✓ Compiled in 181ms (331 modules)
 ✓ Compiled in 168ms (331 modules)
 ✓ Compiled in 212ms (331 modules)
 ✓ Compiled in 292ms (331 modules)
 ✓ Compiled in 222ms (331 modules)
 ✓ Compiled in 285ms (331 modules)
 ✓ Compiled in 281ms (331 modules)
 ✓ Compiled in 220ms (331 modules)
 ✓ Compiled in 277ms (331 modules)
 ✓ Compiled in 223ms (331 modules)
 ✓ Compiled in 202ms (331 modules)
 ✓ Compiled in 277ms (331 modules)
 ✓ Compiled in 230ms (331 modules)
 ✓ Compiled in 261ms (331 modules)
 ✓ Compiled in 212ms (331 modules)
 ✓ Compiled in 292ms (331 modules)
 ✓ Compiled in 220ms (331 modules)
 ✓ Compiled in 372ms (331 modules)
 ✓ Compiled in 213ms (331 modules)
 ✓ Compiled in 291ms (331 modules)
 ✓ Compiled in 221ms (331 modules)
 ✓ Compiled in 270ms (331 modules)
 ✓ Compiled in 217ms (331 modules)
 ✓ Compiled in 217ms (331 modules)
 ✓ Compiled in 487ms (331 modules)
 ✓ Compiled in 507ms (331 modules)
 ✓ Compiled in 215ms (331 modules)
 ✓ Compiled in 274ms (331 modules)
 ✓ Compiled in 301ms (331 modules)
 ✓ Compiled in 205ms (331 modules)
 ✓ Compiled in 199ms (331 modules)
 ✓ Compiled in 221ms (331 modules)
 ✓ Compiled in 284ms (331 modules)
 ✓ Compiled in 218ms (331 modules)
 ✓ Compiled in 271ms (331 modules)
 ✓ Compiled in 294ms (331 modules)
 ✓ Compiled in 203ms (331 modules)
 ✓ Compiled in 300ms (331 modules)
 ✓ Compiled in 301ms (331 modules)
 ✓ Compiled in 234ms (331 modules)
 ✓ Compiled in 288ms (331 modules)
 ✓ Compiled in 309ms (331 modules)
 ✓ Compiled in 321ms (331 modules)
 ✓ Compiled in 215ms (331 modules)
 ✓ Compiled in 217ms (331 modules)
 ✓ Compiled in 215ms (331 modules)
 ✓ Compiled in 276ms (331 modules)
 ✓ Compiled in 292ms (331 modules)
 ✓ Compiled in 222ms (331 modules)
 ✓ Compiled in 285ms (331 modules)
 ✓ Compiled in 291ms (331 modules)
 ✓ Compiled in 298ms (331 modules)
 ✓ Compiled in 203ms (331 modules)
 ✓ Compiled in 214ms (331 modules)
 ✓ Compiled in 270ms (331 modules)
 ✓ Compiled in 227ms (331 modules)
 ✓ Compiled in 284ms (331 modules)
 ✓ Compiled in 284ms (331 modules)
 ✓ Compiled in 214ms (331 modules)
 ✓ Compiled in 286ms (331 modules)
 ✓ Compiled in 293ms (331 modules)
 ✓ Compiled in 209ms (331 modules)
 ✓ Compiled in 301ms (331 modules)
 ✓ Compiled in 296ms (331 modules)
 ✓ Compiled in 385ms (331 modules)
 ✓ Compiled in 309ms (331 modules)
 ✓ Compiled in 195ms (331 modules)
 ✓ Compiled in 132ms (331 modules)
 ✓ Compiled in 171ms (331 modules)
 ✓ Compiled in 143ms (331 modules)
 ✓ Compiled in 179ms (331 modules)
 ✓ Compiled in 161ms (331 modules)
 ✓ Compiled in 133ms (331 modules)
 ✓ Compiled in 212ms (331 modules)
 ✓ Compiled in 161ms (331 modules)
 ✓ Compiled in 185ms (331 modules)
 ✓ Compiled in 199ms (331 modules)
 ✓ Compiled in 143ms (331 modules)
 ✓ Compiled in 174ms (331 modules)
 ✓ Compiled in 179ms (331 modules)
 ✓ Compiled in 140ms (331 modules)
 ✓ Compiled in 171ms (331 modules)
 ✓ Compiled in 130ms (331 modules)
 ✓ Compiled in 172ms (331 modules)
 ✓ Compiled in 128ms (331 modules)
 ✓ Compiled in 178ms (331 modules)
 ✓ Compiled in 171ms (331 modules)
 ✓ Compiled in 135ms (331 modules)
 ✓ Compiled in 181ms (331 modules)
 ✓ Compiled in 182ms (331 modules)
 ✓ Compiled in 142ms (331 modules)
 ✓ Compiled in 169ms (331 modules)
 ✓ Compiled in 126ms (331 modules)
 ✓ Compiled in 164ms (331 modules)
 ✓ Compiled in 139ms (331 modules)
 ✓ Compiled in 177ms (331 modules)
 ✓ Compiled in 181ms (331 modules)
 ✓ Compiled in 131ms (331 modules)
 ✓ Compiled in 219ms (331 modules)
 ✓ Compiled in 163ms (331 modules)
 ✓ Compiled in 166ms (331 modules)
 ✓ Compiled in 151ms (331 modules)
 ✓ Compiled in 168ms (331 modules)
 ✓ Compiled in 127ms (331 modules)
 ✓ Compiled in 120ms (331 modules)
 ✓ Compiled in 181ms (331 modules)
 ✓ Compiled in 144ms (331 modules)
 ✓ Compiled in 176ms (331 modules)
 ✓ Compiled in 129ms (331 modules)
 ✓ Compiled in 164ms (331 modules)
 ✓ Compiled in 135ms (331 modules)
 ✓ Compiled in 171ms (331 modules)
 ✓ Compiled in 117ms (331 modules)
 ✓ Compiled in 173ms (331 modules)
 ✓ Compiled in 183ms (331 modules)
 ✓ Compiled in 138ms (331 modules)
 ✓ Compiled in 165ms (331 modules)
 ✓ Compiled in 186ms (331 modules)
 ✓ Compiled in 148ms (331 modules)
 ✓ Compiled in 177ms (331 modules)
 ✓ Compiled in 168ms (331 modules)
 ✓ Compiled in 144ms (331 modules)
 ✓ Compiled in 163ms (331 modules)
 ✓ Compiled in 130ms (331 modules)
 ✓ Compiled in 155ms (331 modules)
 ✓ Compiled in 141ms (331 modules)
 ✓ Compiled in 164ms (331 modules)
 ✓ Compiled in 128ms (331 modules)
 ✓ Compiled in 173ms (331 modules)
 ✓ Compiled in 132ms (331 modules)
 ✓ Compiled in 156ms (331 modules)
 ✓ Compiled in 128ms (331 modules)
 ✓ Compiled in 116ms (331 modules)
 ✓ Compiled in 125ms (331 modules)
 ✓ Compiled in 127ms (331 modules)
 ✓ Compiled in 175ms (331 modules)
 ✓ Compiled in 127ms (331 modules)
 ✓ Compiled in 139ms (331 modules)
 ✓ Compiled in 170ms (331 modules)
 ✓ Compiled in 132ms (331 modules)
 ✓ Compiled in 166ms (331 modules)
 ✓ Compiled in 145ms (331 modules)
 ✓ Compiled in 178ms (331 modules)
 ✓ Compiled in 116ms (331 modules)
 ✓ Compiled in 166ms (331 modules)
 ✓ Compiled in 128ms (331 modules)
 ✓ Compiled in 174ms (331 modules)
 ✓ Compiled in 133ms (331 modules)
 ✓ Compiled in 158ms (331 modules)
 ✓ Compiled in 130ms (331 modules)
 ✓ Compiled in 180ms (331 modules)
 ✓ Compiled in 174ms (331 modules)
 ✓ Compiled in 140ms (331 modules)
 ✓ Compiled in 166ms (331 modules)
 ✓ Compiled in 183ms (331 modules)
 ✓ Compiled in 133ms (331 modules)
 ✓ Compiled in 113ms (331 modules)
 ✓ Compiled in 195ms (331 modules)
 ✓ Compiled in 171ms (331 modules)
 ✓ Compiled in 135ms (331 modules)
 ✓ Compiled in 143ms (331 modules)
 ✓ Compiled in 175ms (331 modules)
 ✓ Compiled in 137ms (331 modules)
 ✓ Compiled in 180ms (331 modules)
 ✓ Compiled in 162ms (331 modules)
 ✓ Compiled in 144ms (331 modules)
 ✓ Compiled in 178ms (331 modules)
 ✓ Compiled in 169ms (331 modules)
 ✓ Compiled in 132ms (331 modules)
 ✓ Compiled in 114ms (331 modules)
 ✓ Compiled in 181ms (331 modules)
 ✓ Compiled in 167ms (331 modules)
 ✓ Compiled in 130ms (331 modules)
 ✓ Compiled in 118ms (331 modules)
 ✓ Compiled in 187ms (331 modules)
 ✓ Compiled in 166ms (331 modules)
 ✓ Compiled in 510ms (331 modules)
 ✓ Compiled in 187ms (331 modules)
 ✓ Compiled in 127ms (331 modules)
 ✓ Compiled in 178ms (331 modules)
 ✓ Compiled in 141ms (331 modules)
 ✓ Compiled in 182ms (331 modules)
 ✓ Compiled in 116ms (331 modules)
 ✓ Compiled in 141ms (331 modules)
 ✓ Compiled in 158ms (331 modules)
 ✓ Compiled in 131ms (331 modules)
 ✓ Compiled in 167ms (331 modules)
 ✓ Compiled in 141ms (331 modules)
 ✓ Compiled in 173ms (331 modules)
 ✓ Compiled in 137ms (331 modules)
 ✓ Compiled in 165ms (331 modules)
 ✓ Compiled in 274ms (331 modules)
 ✓ Compiled in 196ms (331 modules)
 ✓ Compiled in 145ms (331 modules)
 ✓ Compiled in 165ms (331 modules)
 ✓ Compiled in 131ms (331 modules)
 ✓ Compiled in 177ms (331 modules)
 ✓ Compiled in 132ms (331 modules)
 ✓ Compiled in 128ms (331 modules)
 ✓ Compiled in 121ms (331 modules)
 ✓ Compiled in 186ms (331 modules)
 ✓ Compiled in 177ms (331 modules)
 ✓ Compiled in 131ms (331 modules)
 ✓ Compiled in 170ms (331 modules)
 ✓ Compiled in 128ms (331 modules)
 ✓ Compiled in 175ms (331 modules)
 ✓ Compiled in 123ms (331 modules)
 ✓ Compiled in 144ms (331 modules)
 ✓ Compiled in 181ms (331 modules)
 ✓ Compiled in 175ms (331 modules)
 ✓ Compiled in 136ms (331 modules)
 ✓ Compiled in 179ms (331 modules)
 ✓ Compiled in 128ms (331 modules)
 ✓ Compiled in 177ms (331 modules)
 ✓ Compiled in 168ms (331 modules)
 ✓ Compiled in 154ms (331 modules)
 ✓ Compiled in 161ms (331 modules)
 ✓ Compiled in 126ms (331 modules)
 ✓ Compiled in 166ms (331 modules)
 ✓ Compiled in 133ms (331 modules)
 ✓ Compiled in 156ms (331 modules)
 ✓ Compiled in 147ms (331 modules)
 ✓ Compiled in 160ms (331 modules)
 ✓ Compiled in 139ms (331 modules)
 ✓ Compiled in 142ms (331 modules)
 ✓ Compiled in 111ms (331 modules)
 ✓ Compiled in 122ms (331 modules)
 ✓ Compiled in 128ms (331 modules)
 ✓ Compiled in 177ms (331 modules)
 ✓ Compiled in 169ms (331 modules)
 ✓ Compiled in 121ms (331 modules)
 ✓ Compiled in 123ms (331 modules)
 ✓ Compiled in 161ms (331 modules)
 ✓ Compiled in 130ms (331 modules)
 ✓ Compiled in 160ms (331 modules)
 ✓ Compiled in 140ms (331 modules)
 ✓ Compiled in 161ms (331 modules)
 ✓ Compiled in 134ms (331 modules)
 ✓ Compiled in 156ms (331 modules)
 ✓ Compiled in 138ms (331 modules)
 ✓ Compiled in 183ms (331 modules)
 ✓ Compiled in 131ms (331 modules)
 ✓ Compiled in 162ms (331 modules)
 ✓ Compiled in 130ms (331 modules)
 ✓ Compiled in 173ms (331 modules)
 ✓ Compiled in 174ms (331 modules)
 ✓ Compiled in 137ms (331 modules)
 ✓ Compiled in 168ms (331 modules)
 ✓ Compiled in 230ms (331 modules)
 ✓ Compiled in 156ms (331 modules)
 ✓ Compiled in 122ms (331 modules)
 ✓ Compiled in 125ms (331 modules)
 ✓ Compiled in 250ms (331 modules)
 ✓ Compiled in 143ms (331 modules)
 ✓ Compiled in 170ms (331 modules)
 ✓ Compiled in 138ms (331 modules)
 ✓ Compiled in 173ms (331 modules)
 ✓ Compiled in 123ms (331 modules)
 ✓ Compiled in 166ms (331 modules)
 ✓ Compiled in 124ms (331 modules)
 ✓ Compiled in 188ms (331 modules)
 ✓ Compiled in 162ms (331 modules)
 ✓ Compiled in 125ms (331 modules)
 ✓ Compiled in 124ms (331 modules)
 ✓ Compiled in 180ms (331 modules)
 ✓ Compiled in 118ms (331 modules)
 ✓ Compiled in 169ms (331 modules)
 ✓ Compiled in 125ms (331 modules)
 ✓ Compiled in 175ms (331 modules)
 ✓ Compiled in 122ms (331 modules)
 ✓ Compiled in 165ms (331 modules)
 ✓ Compiled in 138ms (331 modules)
 ✓ Compiled in 181ms (331 modules)
 ✓ Compiled in 161ms (331 modules)
 ✓ Compiled in 140ms (331 modules)
 ✓ Compiled in 167ms (331 modules)
 ✓ Compiled in 139ms (331 modules)
 ✓ Compiled in 171ms (331 modules)
 ✓ Compiled in 121ms (331 modules)
 ✓ Compiled in 170ms (331 modules)
 ✓ Compiled in 129ms (331 modules)
 ✓ Compiled in 140ms (331 modules)
 ✓ Compiled in 173ms (331 modules)
 ✓ Compiled in 138ms (331 modules)
 ✓ Compiled in 164ms (331 modules)
 ✓ Compiled in 122ms (331 modules)
 ✓ Compiled in 168ms (331 modules)
 ✓ Compiled in 137ms (331 modules)
 ✓ Compiled in 177ms (331 modules)
 ✓ Compiled in 117ms (331 modules)
 ✓ Compiled in 128ms (331 modules)
 ✓ Compiled in 123ms (331 modules)
 ✓ Compiled in 180ms (331 modules)
 ✓ Compiled in 165ms (331 modules)
 ✓ Compiled in 137ms (331 modules)
 ✓ Compiled in 167ms (331 modules)
 ✓ Compiled in 142ms (331 modules)
 ✓ Compiled in 165ms (331 modules)
 ✓ Compiled in 139ms (331 modules)
 ✓ Compiled in 167ms (331 modules)
 ✓ Compiled in 124ms (331 modules)
 ✓ Compiled in 176ms (331 modules)
 ✓ Compiled in 125ms (331 modules)
 ✓ Compiled in 170ms (331 modules)
 ✓ Compiled in 120ms (331 modules)
 ✓ Compiled in 181ms (331 modules)
 ✓ Compiled in 118ms (331 modules)
 ✓ Compiled in 134ms (331 modules)
 ✓ Compiled in 170ms (331 modules)
 ✓ Compiled in 146ms (331 modules)
 ✓ Compiled in 175ms (331 modules)
 ✓ Compiled in 178ms (331 modules)
 ✓ Compiled in 137ms (331 modules)
 ✓ Compiled in 168ms (331 modules)
 ✓ Compiled in 133ms (331 modules)
 ✓ Compiled in 158ms (331 modules)
 ✓ Compiled in 136ms (331 modules)
 ✓ Compiled in 139ms (331 modules)
 ✓ Compiled in 174ms (331 modules)
 ✓ Compiled in 133ms (331 modules)
 ✓ Compiled in 192ms (331 modules)
 ✓ Compiled in 159ms (331 modules)
 ✓ Compiled in 147ms (331 modules)
 ✓ Compiled in 138ms (331 modules)
 ✓ Compiled in 580ms (331 modules)
 ✓ Compiled in 275ms (331 modules)
 ✓ Compiled in 144ms (331 modules)
 ✓ Compiled in 167ms (331 modules)
 ✓ Compiled in 202ms (331 modules)
 ✓ Compiled in 118ms (331 modules)
 ✓ Compiled in 191ms (331 modules)
 ✓ Compiled in 177ms (331 modules)
 ✓ Compiled in 133ms (331 modules)
 ✓ Compiled in 175ms (331 modules)
 ✓ Compiled in 126ms (331 modules)
 ✓ Compiled in 178ms (331 modules)
 ✓ Compiled in 167ms (331 modules)
 ✓ Compiled in 134ms (331 modules)
 ✓ Compiled in 169ms (331 modules)
 ✓ Compiled in 189ms (331 modules)
 ✓ Compiled in 130ms (331 modules)
 ✓ Compiled in 170ms (331 modules)
 ✓ Compiled in 133ms (331 modules)
 ✓ Compiled in 164ms (331 modules)
 ✓ Compiled in 145ms (331 modules)
 ✓ Compiled in 164ms (331 modules)
 ✓ Compiled in 131ms (331 modules)
 ✓ Compiled in 181ms (331 modules)
 ✓ Compiled in 166ms (331 modules)
 ✓ Compiled in 126ms (331 modules)
 ✓ Compiled in 121ms (331 modules)
 ✓ Compiled in 180ms (331 modules)
 ✓ Compiled in 127ms (331 modules)
 ✓ Compiled in 135ms (331 modules)
 ✓ Compiled in 164ms (331 modules)
 ✓ Compiled in 142ms (331 modules)
 ✓ Compiled in 157ms (331 modules)
 ✓ Compiled in 134ms (331 modules)
 ✓ Compiled in 179ms (331 modules)
 ✓ Compiled in 129ms (331 modules)
 ✓ Compiled in 182ms (331 modules)
 ✓ Compiled in 180ms (331 modules)
 ✓ Compiled in 133ms (331 modules)
 ✓ Compiled in 140ms (331 modules)
 ✓ Compiled in 161ms (331 modules)
 ✓ Compiled in 134ms (331 modules)
 ✓ Compiled in 109ms (331 modules)
 ✓ Compiled in 184ms (331 modules)
 ✓ Compiled in 167ms (331 modules)
 ✓ Compiled in 131ms (331 modules)
 ✓ Compiled in 114ms (331 modules)
 ✓ Compiled in 179ms (331 modules)
 ✓ Compiled in 121ms (331 modules)
 ✓ Compiled in 164ms (331 modules)
 ✓ Compiled in 128ms (331 modules)
 ✓ Compiled in 159ms (331 modules)
 ✓ Compiled in 150ms (331 modules)
 ✓ Compiled in 158ms (331 modules)
 ✓ Compiled in 189ms (331 modules)
 ✓ Compiled in 136ms (331 modules)
 ✓ Compiled in 174ms (331 modules)
 ✓ Compiled in 126ms (331 modules)
 ✓ Compiled in 169ms (331 modules)
 ✓ Compiled in 139ms (331 modules)
 ✓ Compiled in 138ms (331 modules)
 ✓ Compiled in 161ms (331 modules)
 ✓ Compiled in 142ms (331 modules)
 ✓ Compiled in 181ms (331 modules)
 ✓ Compiled in 172ms (331 modules)
 ✓ Compiled in 128ms (331 modules)
 ✓ Compiled in 168ms (331 modules)
 ✓ Compiled in 136ms (331 modules)
 ✓ Compiled in 178ms (331 modules)
 ✓ Compiled in 132ms (331 modules)
 ✓ Compiled in 171ms (331 modules)
 ✓ Compiled in 130ms (331 modules)
 ✓ Compiled in 141ms (331 modules)
 ✓ Compiled in 115ms (331 modules)
 ✓ Compiled in 179ms (331 modules)
 ✓ Compiled in 171ms (331 modules)
 ✓ Compiled in 134ms (331 modules)
 ✓ Compiled in 169ms (331 modules)
 ✓ Compiled in 138ms (331 modules)
 ✓ Compiled in 179ms (331 modules)
 ✓ Compiled in 120ms (331 modules)
 ✓ Compiled in 128ms (331 modules)
 ✓ Compiled in 180ms (331 modules)
 ✓ Compiled in 146ms (331 modules)
 ✓ Compiled in 167ms (331 modules)
 ✓ Compiled in 184ms (331 modules)
 ✓ Compiled in 134ms (331 modules)
 ✓ Compiled in 177ms (331 modules)
 ✓ Compiled in 169ms (331 modules)
 ✓ Compiled in 138ms (331 modules)
 ✓ Compiled in 160ms (331 modules)
 ✓ Compiled in 141ms (331 modules)
 ✓ Compiled in 151ms (331 modules)
 ✓ Compiled in 197ms (331 modules)
 ✓ Compiled in 161ms (331 modules)
 ✓ Compiled in 191ms (331 modules)
 ✓ Compiled in 171ms (331 modules)
 ✓ Compiled in 206ms (331 modules)
 ✓ Compiled in 187ms (331 modules)
 ✓ Compiled in 183ms (331 modules)
 ✓ Compiled in 143ms (331 modules)
 ✓ Compiled in 167ms (331 modules)
 ✓ Compiled in 130ms (331 modules)
 ✓ Compiled in 195ms (331 modules)
 ✓ Compiled in 172ms (331 modules)
 ✓ Compiled in 130ms (331 modules)
 ✓ Compiled in 185ms (331 modules)
 ✓ Compiled in 171ms (331 modules)
 ✓ Compiled in 138ms (331 modules)
 ✓ Compiled in 171ms (331 modules)
 ✓ Compiled in 122ms (331 modules)
 ✓ Compiled in 147ms (331 modules)
 ✓ Compiled in 160ms (331 modules)
 ✓ Compiled in 147ms (331 modules)
 ✓ Compiled in 183ms (331 modules)
 ✓ Compiled in 176ms (331 modules)
 ✓ Compiled in 180ms (331 modules)
 ✓ Compiled in 134ms (331 modules)
 ✓ Compiled in 159ms (331 modules)
 ✓ Compiled in 152ms (331 modules)
 ✓ Compiled in 180ms (331 modules)
 ✓ Compiled in 166ms (331 modules)
 ✓ Compiled in 137ms (331 modules)
 ✓ Compiled in 170ms (331 modules)
 ✓ Compiled in 135ms (331 modules)
 ✓ Compiled in 174ms (331 modules)
 ✓ Compiled in 124ms (331 modules)
 ✓ Compiled in 146ms (331 modules)
 ✓ Compiled in 178ms (331 modules)
 ✓ Compiled in 121ms (331 modules)
 ✓ Compiled in 178ms (331 modules)
 ✓ Compiled in 188ms (331 modules)
 ✓ Compiled in 137ms (331 modules)
 ✓ Compiled in 161ms (331 modules)
 ✓ Compiled in 126ms (331 modules)
 ✓ Compiled in 185ms (331 modules)
 ✓ Compiled in 164ms (331 modules)
 ✓ Compiled in 124ms (331 modules)
 ✓ Compiled in 126ms (331 modules)
 ✓ Compiled in 143ms (331 modules)
 ✓ Compiled in 158ms (331 modules)
 ✓ Compiled in 139ms (331 modules)
 ✓ Compiled in 165ms (331 modules)
 ✓ Compiled in 143ms (331 modules)
 ✓ Compiled in 175ms (331 modules)
 ✓ Compiled in 118ms (331 modules)
 ✓ Compiled in 159ms (331 modules)
 ✓ Compiled in 192ms (331 modules)
 ✓ Compiled in 169ms (331 modules)
 ✓ Compiled in 137ms (331 modules)
 ✓ Compiled in 166ms (331 modules)
 ✓ Compiled in 956ms (331 modules)
 ✓ Compiled in 370ms (331 modules)
 ✓ Compiled in 198ms (331 modules)
 ✓ Compiled in 196ms (331 modules)
 ✓ Compiled in 147ms (331 modules)
 ✓ Compiled in 191ms (331 modules)
 ✓ Compiled in 185ms (331 modules)
 ✓ Compiled in 192ms (331 modules)
 ✓ Compiled in 134ms (331 modules)
 ✓ Compiled in 134ms (331 modules)
 ✓ Compiled in 192ms (331 modules)
 ✓ Compiled in 274ms (331 modules)
 ✓ Compiled in 222ms (331 modules)
 ✓ Compiled in 295ms (331 modules)
 ✓ Compiled in 222ms (331 modules)
 ✓ Compiled in 290ms (331 modules)
 ✓ Compiled in 292ms (331 modules)
 ✓ Compiled in 214ms (331 modules)
 ✓ Compiled in 310ms (331 modules)
 ✓ Compiled in 279ms (331 modules)
 ✓ Compiled in 215ms (331 modules)
 ✓ Compiled in 272ms (331 modules)
 ✓ Compiled in 308ms (331 modules)
 ✓ Compiled in 282ms (331 modules)
 ✓ Compiled in 227ms (331 modules)
 ✓ Compiled in 228ms (331 modules)
 ✓ Compiled in 290ms (331 modules)
 ✓ Compiled in 385ms (331 modules)
